{"uid":"3b981bd30596a5b9","name":"Drop drag prevent propagation","fullName":"tests.test_interactions.TestInteractions#test_prevent_propagation","historyId":"4a958e5609d109b30d2670fa4bbac31d","time":{"start":1712915157327,"stop":1712915160148,"duration":2821},"status":"broken","statusMessage":"selenium.common.exceptions.MoveTargetOutOfBoundsException: Message: Move target (767, 643) is out of bounds of viewport dimensions (1366, 635)\nStacktrace:\nRemoteError@chrome://remote/content/shared/RemoteError.sys.mjs:8:8\nWebDriverError@chrome://remote/content/shared/webdriver/Errors.sys.mjs:192:5\nMoveTargetOutOfBoundsError@chrome://remote/content/shared/webdriver/Errors.sys.mjs:478:5\nassertInViewPort@chrome://remote/content/shared/webdriver/Actions.sys.mjs:2371:11\ndispatch@chrome://remote/content/shared/webdriver/Actions.sys.mjs:1152:21\ndispatch/pendingEvents<@chrome://remote/content/shared/webdriver/Actions.sys.mjs:2040:14\ndispatch@chrome://remote/content/shared/webdriver/Actions.sys.mjs:2039:39\ndispatch/chainEvents<@chrome://remote/content/shared/webdriver/Actions.sys.mjs:1950:27","statusTrace":"self = <test_interactions.TestInteractions object at 0x7f4c28cc6d50>\n\n    @allure.title(\"Drop drag prevent propagation\")\n    def test_prevent_propagation(self):\n        self.droppable.open()\n        self.droppable.is_opened()\n        self.droppable.click_prevent_propagation()\n>       self.droppable.drop_object_not_greedy()\n\ntests/test_interactions.py:88: \n_ _ _ _ _ _ _ _ _ _ _ _ _ _ _ _ _ _ _ _ _ _ _ _ _ _ _ _ _ _ _ _ _ _ _ _ _ _ _ _ \npages/interactions/droppable.py:100: in drop_object_not_greedy\n    self.action.drag_and_drop(drag, drop_inner).perform()\n/opt/hostedtoolcache/Python/3.12.2/x64/lib/python3.12/site-packages/selenium/webdriver/common/action_chains.py:94: in perform\n    self.w3c_actions.perform()\n/opt/hostedtoolcache/Python/3.12.2/x64/lib/python3.12/site-packages/selenium/webdriver/common/actions/action_builder.py:96: in perform\n    self.driver.execute(Command.W3C_ACTIONS, enc)\n/opt/hostedtoolcache/Python/3.12.2/x64/lib/python3.12/site-packages/selenium/webdriver/remote/webdriver.py:347: in execute\n    self.error_handler.check_response(response)\n_ _ _ _ _ _ _ _ _ _ _ _ _ _ _ _ _ _ _ _ _ _ _ _ _ _ _ _ _ _ _ _ _ _ _ _ _ _ _ _ \n\nself = <selenium.webdriver.remote.errorhandler.ErrorHandler object at 0x7f4c28b4cc80>\nresponse = {'status': 500, 'value': '{\"value\":{\"error\":\"move target out of bounds\",\"message\":\"Move target (767, 643) is out of bo...ctions.sys.mjs:2039:39\\\\ndispatch/chainEvents<@chrome://remote/content/shared/webdriver/Actions.sys.mjs:1950:27\\\\n\"}}'}\n\n    def check_response(self, response: Dict[str, Any]) -> None:\n        \"\"\"Checks that a JSON response from the WebDriver does not have an\n        error.\n    \n        :Args:\n         - response - The JSON response from the WebDriver server as a dictionary\n           object.\n    \n        :Raises: If the response contains an error message.\n        \"\"\"\n        status = response.get(\"status\", None)\n        if not status or status == ErrorCode.SUCCESS:\n            return\n        value = None\n        message = response.get(\"message\", \"\")\n        screen: str = response.get(\"screen\", \"\")\n        stacktrace = None\n        if isinstance(status, int):\n            value_json = response.get(\"value\", None)\n            if value_json and isinstance(value_json, str):\n                import json\n    \n                try:\n                    value = json.loads(value_json)\n                    if len(value) == 1:\n                        value = value[\"value\"]\n                    status = value.get(\"error\", None)\n                    if not status:\n                        status = value.get(\"status\", ErrorCode.UNKNOWN_ERROR)\n                        message = value.get(\"value\") or value.get(\"message\")\n                        if not isinstance(message, str):\n                            value = message\n                            message = message.get(\"message\")\n                    else:\n                        message = value.get(\"message\", None)\n                except ValueError:\n                    pass\n    \n        exception_class: Type[WebDriverException]\n        e = ErrorCode()\n        error_codes = [item for item in dir(e) if not item.startswith(\"__\")]\n        for error_code in error_codes:\n            error_info = getattr(ErrorCode, error_code)\n            if isinstance(error_info, list) and status in error_info:\n                exception_class = getattr(ExceptionMapping, error_code, WebDriverException)\n                break\n        else:\n            exception_class = WebDriverException\n    \n        if not value:\n            value = response[\"value\"]\n        if isinstance(value, str):\n            raise exception_class(value)\n        if message == \"\" and \"message\" in value:\n            message = value[\"message\"]\n    \n        screen = None  # type: ignore[assignment]\n        if \"screen\" in value:\n            screen = value[\"screen\"]\n    \n        stacktrace = None\n        st_value = value.get(\"stackTrace\") or value.get(\"stacktrace\")\n        if st_value:\n            if isinstance(st_value, str):\n                stacktrace = st_value.split(\"\\n\")\n            else:\n                stacktrace = []\n                try:\n                    for frame in st_value:\n                        line = frame.get(\"lineNumber\", \"\")\n                        file = frame.get(\"fileName\", \"<anonymous>\")\n                        if line:\n                            file = f\"{file}:{line}\"\n                        meth = frame.get(\"methodName\", \"<anonymous>\")\n                        if \"className\" in frame:\n                            meth = f\"{frame['className']}.{meth}\"\n                        msg = \"    at %s (%s)\"\n                        msg = msg % (meth, file)\n                        stacktrace.append(msg)\n                except TypeError:\n                    pass\n        if exception_class == UnexpectedAlertPresentException:\n            alert_text = None\n            if \"data\" in value:\n                alert_text = value[\"data\"].get(\"text\")\n            elif \"alert\" in value:\n                alert_text = value[\"alert\"].get(\"text\")\n            raise exception_class(message, screen, stacktrace, alert_text)  # type: ignore[call-arg]  # mypy is not smart enough here\n>       raise exception_class(message, screen, stacktrace)\nE       selenium.common.exceptions.MoveTargetOutOfBoundsException: Message: Move target (767, 643) is out of bounds of viewport dimensions (1366, 635)\nE       Stacktrace:\nE       RemoteError@chrome://remote/content/shared/RemoteError.sys.mjs:8:8\nE       WebDriverError@chrome://remote/content/shared/webdriver/Errors.sys.mjs:192:5\nE       MoveTargetOutOfBoundsError@chrome://remote/content/shared/webdriver/Errors.sys.mjs:478:5\nE       assertInViewPort@chrome://remote/content/shared/webdriver/Actions.sys.mjs:2371:11\nE       dispatch@chrome://remote/content/shared/webdriver/Actions.sys.mjs:1152:21\nE       dispatch/pendingEvents<@chrome://remote/content/shared/webdriver/Actions.sys.mjs:2040:14\nE       dispatch@chrome://remote/content/shared/webdriver/Actions.sys.mjs:2039:39\nE       dispatch/chainEvents<@chrome://remote/content/shared/webdriver/Actions.sys.mjs:1950:27\n\n/opt/hostedtoolcache/Python/3.12.2/x64/lib/python3.12/site-packages/selenium/webdriver/remote/errorhandler.py:229: MoveTargetOutOfBoundsException","flaky":false,"newFailed":false,"newBroken":false,"newPassed":false,"retriesCount":0,"retriesStatusChange":false,"beforeStages":[{"name":"_session_faker","time":{"start":1712915011888,"stop":1712915011920,"duration":32},"status":"passed","steps":[],"attachments":[],"parameters":[],"shouldDisplayMessage":false,"stepsCount":0,"attachmentsCount":0,"hasContent":false},{"name":"tmp_path_factory","time":{"start":1712915011920,"stop":1712915011920,"duration":0},"status":"passed","steps":[],"attachments":[],"parameters":[],"shouldDisplayMessage":false,"stepsCount":0,"attachmentsCount":0,"hasContent":false},{"name":"tmp_path","time":{"start":1712915155604,"stop":1712915155605,"duration":1},"status":"passed","steps":[],"attachments":[],"parameters":[],"shouldDisplayMessage":false,"stepsCount":0,"attachmentsCount":0,"hasContent":false},{"name":"driver","time":{"start":1712915155605,"stop":1712915156807,"duration":1202},"status":"passed","steps":[],"attachments":[],"parameters":[],"shouldDisplayMessage":false,"stepsCount":0,"attachmentsCount":0,"hasContent":false},{"name":"tmpdir","time":{"start":1712915155605,"stop":1712915155605,"duration":0},"status":"passed","steps":[],"attachments":[],"parameters":[],"shouldDisplayMessage":false,"stepsCount":0,"attachmentsCount":0,"hasContent":false},{"name":"setup","time":{"start":1712915156807,"stop":1712915157327,"duration":520},"status":"passed","steps":[],"attachments":[],"parameters":[],"shouldDisplayMessage":false,"stepsCount":0,"attachmentsCount":0,"hasContent":false},{"name":"environment_allure","time":{"start":1712915156807,"stop":1712915156807,"duration":0},"status":"passed","steps":[],"attachments":[],"parameters":[],"shouldDisplayMessage":false,"stepsCount":0,"attachmentsCount":0,"hasContent":false}],"testStage":{"status":"broken","statusMessage":"selenium.common.exceptions.MoveTargetOutOfBoundsException: Message: Move target (767, 643) is out of bounds of viewport dimensions (1366, 635)\nStacktrace:\nRemoteError@chrome://remote/content/shared/RemoteError.sys.mjs:8:8\nWebDriverError@chrome://remote/content/shared/webdriver/Errors.sys.mjs:192:5\nMoveTargetOutOfBoundsError@chrome://remote/content/shared/webdriver/Errors.sys.mjs:478:5\nassertInViewPort@chrome://remote/content/shared/webdriver/Actions.sys.mjs:2371:11\ndispatch@chrome://remote/content/shared/webdriver/Actions.sys.mjs:1152:21\ndispatch/pendingEvents<@chrome://remote/content/shared/webdriver/Actions.sys.mjs:2040:14\ndispatch@chrome://remote/content/shared/webdriver/Actions.sys.mjs:2039:39\ndispatch/chainEvents<@chrome://remote/content/shared/webdriver/Actions.sys.mjs:1950:27","statusTrace":"self = <test_interactions.TestInteractions object at 0x7f4c28cc6d50>\n\n    @allure.title(\"Drop drag prevent propagation\")\n    def test_prevent_propagation(self):\n        self.droppable.open()\n        self.droppable.is_opened()\n        self.droppable.click_prevent_propagation()\n>       self.droppable.drop_object_not_greedy()\n\ntests/test_interactions.py:88: \n_ _ _ _ _ _ _ _ _ _ _ _ _ _ _ _ _ _ _ _ _ _ _ _ _ _ _ _ _ _ _ _ _ _ _ _ _ _ _ _ \npages/interactions/droppable.py:100: in drop_object_not_greedy\n    self.action.drag_and_drop(drag, drop_inner).perform()\n/opt/hostedtoolcache/Python/3.12.2/x64/lib/python3.12/site-packages/selenium/webdriver/common/action_chains.py:94: in perform\n    self.w3c_actions.perform()\n/opt/hostedtoolcache/Python/3.12.2/x64/lib/python3.12/site-packages/selenium/webdriver/common/actions/action_builder.py:96: in perform\n    self.driver.execute(Command.W3C_ACTIONS, enc)\n/opt/hostedtoolcache/Python/3.12.2/x64/lib/python3.12/site-packages/selenium/webdriver/remote/webdriver.py:347: in execute\n    self.error_handler.check_response(response)\n_ _ _ _ _ _ _ _ _ _ _ _ _ _ _ _ _ _ _ _ _ _ _ _ _ _ _ _ _ _ _ _ _ _ _ _ _ _ _ _ \n\nself = <selenium.webdriver.remote.errorhandler.ErrorHandler object at 0x7f4c28b4cc80>\nresponse = {'status': 500, 'value': '{\"value\":{\"error\":\"move target out of bounds\",\"message\":\"Move target (767, 643) is out of bo...ctions.sys.mjs:2039:39\\\\ndispatch/chainEvents<@chrome://remote/content/shared/webdriver/Actions.sys.mjs:1950:27\\\\n\"}}'}\n\n    def check_response(self, response: Dict[str, Any]) -> None:\n        \"\"\"Checks that a JSON response from the WebDriver does not have an\n        error.\n    \n        :Args:\n         - response - The JSON response from the WebDriver server as a dictionary\n           object.\n    \n        :Raises: If the response contains an error message.\n        \"\"\"\n        status = response.get(\"status\", None)\n        if not status or status == ErrorCode.SUCCESS:\n            return\n        value = None\n        message = response.get(\"message\", \"\")\n        screen: str = response.get(\"screen\", \"\")\n        stacktrace = None\n        if isinstance(status, int):\n            value_json = response.get(\"value\", None)\n            if value_json and isinstance(value_json, str):\n                import json\n    \n                try:\n                    value = json.loads(value_json)\n                    if len(value) == 1:\n                        value = value[\"value\"]\n                    status = value.get(\"error\", None)\n                    if not status:\n                        status = value.get(\"status\", ErrorCode.UNKNOWN_ERROR)\n                        message = value.get(\"value\") or value.get(\"message\")\n                        if not isinstance(message, str):\n                            value = message\n                            message = message.get(\"message\")\n                    else:\n                        message = value.get(\"message\", None)\n                except ValueError:\n                    pass\n    \n        exception_class: Type[WebDriverException]\n        e = ErrorCode()\n        error_codes = [item for item in dir(e) if not item.startswith(\"__\")]\n        for error_code in error_codes:\n            error_info = getattr(ErrorCode, error_code)\n            if isinstance(error_info, list) and status in error_info:\n                exception_class = getattr(ExceptionMapping, error_code, WebDriverException)\n                break\n        else:\n            exception_class = WebDriverException\n    \n        if not value:\n            value = response[\"value\"]\n        if isinstance(value, str):\n            raise exception_class(value)\n        if message == \"\" and \"message\" in value:\n            message = value[\"message\"]\n    \n        screen = None  # type: ignore[assignment]\n        if \"screen\" in value:\n            screen = value[\"screen\"]\n    \n        stacktrace = None\n        st_value = value.get(\"stackTrace\") or value.get(\"stacktrace\")\n        if st_value:\n            if isinstance(st_value, str):\n                stacktrace = st_value.split(\"\\n\")\n            else:\n                stacktrace = []\n                try:\n                    for frame in st_value:\n                        line = frame.get(\"lineNumber\", \"\")\n                        file = frame.get(\"fileName\", \"<anonymous>\")\n                        if line:\n                            file = f\"{file}:{line}\"\n                        meth = frame.get(\"methodName\", \"<anonymous>\")\n                        if \"className\" in frame:\n                            meth = f\"{frame['className']}.{meth}\"\n                        msg = \"    at %s (%s)\"\n                        msg = msg % (meth, file)\n                        stacktrace.append(msg)\n                except TypeError:\n                    pass\n        if exception_class == UnexpectedAlertPresentException:\n            alert_text = None\n            if \"data\" in value:\n                alert_text = value[\"data\"].get(\"text\")\n            elif \"alert\" in value:\n                alert_text = value[\"alert\"].get(\"text\")\n            raise exception_class(message, screen, stacktrace, alert_text)  # type: ignore[call-arg]  # mypy is not smart enough here\n>       raise exception_class(message, screen, stacktrace)\nE       selenium.common.exceptions.MoveTargetOutOfBoundsException: Message: Move target (767, 643) is out of bounds of viewport dimensions (1366, 635)\nE       Stacktrace:\nE       RemoteError@chrome://remote/content/shared/RemoteError.sys.mjs:8:8\nE       WebDriverError@chrome://remote/content/shared/webdriver/Errors.sys.mjs:192:5\nE       MoveTargetOutOfBoundsError@chrome://remote/content/shared/webdriver/Errors.sys.mjs:478:5\nE       assertInViewPort@chrome://remote/content/shared/webdriver/Actions.sys.mjs:2371:11\nE       dispatch@chrome://remote/content/shared/webdriver/Actions.sys.mjs:1152:21\nE       dispatch/pendingEvents<@chrome://remote/content/shared/webdriver/Actions.sys.mjs:2040:14\nE       dispatch@chrome://remote/content/shared/webdriver/Actions.sys.mjs:2039:39\nE       dispatch/chainEvents<@chrome://remote/content/shared/webdriver/Actions.sys.mjs:1950:27\n\n/opt/hostedtoolcache/Python/3.12.2/x64/lib/python3.12/site-packages/selenium/webdriver/remote/errorhandler.py:229: MoveTargetOutOfBoundsException","steps":[{"name":"Open URL","time":{"start":1712915157327,"stop":1712915159495,"duration":2168},"status":"passed","steps":[],"attachments":[],"parameters":[],"shouldDisplayMessage":false,"stepsCount":0,"attachmentsCount":0,"hasContent":false},{"name":"Check is opened URL","time":{"start":1712915159495,"stop":1712915159496,"duration":1},"status":"passed","steps":[],"attachments":[],"parameters":[],"shouldDisplayMessage":false,"stepsCount":0,"attachmentsCount":0,"hasContent":false},{"name":"Click prevent propagation","time":{"start":1712915159496,"stop":1712915159764,"duration":268},"status":"passed","steps":[],"attachments":[],"parameters":[],"shouldDisplayMessage":false,"stepsCount":0,"attachmentsCount":0,"hasContent":false},{"name":"Drag and drop not greedy","time":{"start":1712915159765,"stop":1712915160147,"duration":382},"status":"broken","statusMessage":"selenium.common.exceptions.MoveTargetOutOfBoundsException: Message: Move target (767, 643) is out of bounds of viewport dimensions (1366, 635)\nStacktrace:\nRemoteError@chrome://remote/content/shared/RemoteError.sys.mjs:8:8\nWebDriverError@chrome://remote/content/shared/webdriver/Errors.sys.mjs:192:5\nMoveTargetOutOfBoundsError@chrome://remote/content/shared/webdriver/Errors.sys.mjs:478:5\nassertInViewPort@chrome://remote/content/shared/webdriver/Actions.sys.mjs:2371:11\ndispatch@chrome://remote/content/shared/webdriver/Actions.sys.mjs:1152:21\ndispatch/pendingEvents<@chrome://remote/content/shared/webdriver/Actions.sys.mjs:2040:14\ndispatch@chrome://remote/content/shared/webdriver/Actions.sys.mjs:2039:39\ndispatch/chainEvents<@chrome://remote/content/shared/webdriver/Actions.sys.mjs:1950:27\n\n","statusTrace":"  File \"/opt/hostedtoolcache/Python/3.12.2/x64/lib/python3.12/site-packages/allure_commons/_allure.py\", line 192, in impl\n    return func(*a, **kw)\n           ^^^^^^^^^^^^^^\n  File \"/home/runner/work/demoqa_ui/demoqa_ui/pages/interactions/droppable.py\", line 100, in drop_object_not_greedy\n    self.action.drag_and_drop(drag, drop_inner).perform()\n  File \"/opt/hostedtoolcache/Python/3.12.2/x64/lib/python3.12/site-packages/selenium/webdriver/common/action_chains.py\", line 94, in perform\n    self.w3c_actions.perform()\n  File \"/opt/hostedtoolcache/Python/3.12.2/x64/lib/python3.12/site-packages/selenium/webdriver/common/actions/action_builder.py\", line 96, in perform\n    self.driver.execute(Command.W3C_ACTIONS, enc)\n  File \"/opt/hostedtoolcache/Python/3.12.2/x64/lib/python3.12/site-packages/selenium/webdriver/remote/webdriver.py\", line 347, in execute\n    self.error_handler.check_response(response)\n  File \"/opt/hostedtoolcache/Python/3.12.2/x64/lib/python3.12/site-packages/selenium/webdriver/remote/errorhandler.py\", line 229, in check_response\n    raise exception_class(message, screen, stacktrace)\n","steps":[],"attachments":[],"parameters":[],"shouldDisplayMessage":true,"stepsCount":0,"attachmentsCount":0,"hasContent":true}],"attachments":[],"parameters":[],"shouldDisplayMessage":true,"stepsCount":4,"attachmentsCount":0,"hasContent":true},"afterStages":[{"name":"driver::0","time":{"start":1712915160192,"stop":1712915160892,"duration":700},"status":"passed","steps":[],"attachments":[{"uid":"154a6fbc73b39f00","name":"test_prevent_propagation.png","source":"154a6fbc73b39f00.png","type":"image/png","size":402814}],"parameters":[],"shouldDisplayMessage":false,"stepsCount":0,"attachmentsCount":1,"hasContent":true},{"name":"tmp_path::0","time":{"start":1712915160893,"stop":1712915160893,"duration":0},"status":"passed","steps":[],"attachments":[],"parameters":[],"shouldDisplayMessage":false,"stepsCount":0,"attachmentsCount":0,"hasContent":false}],"labels":[{"name":"feature","value":"Interactions"},{"name":"parentSuite","value":"tests"},{"name":"suite","value":"test_interactions"},{"name":"subSuite","value":"TestInteractions"},{"name":"host","value":"fv-az1106-440"},{"name":"thread","value":"2896-MainThread"},{"name":"framework","value":"pytest"},{"name":"language","value":"cpython3"},{"name":"package","value":"tests.test_interactions"},{"name":"resultFormat","value":"allure2"}],"parameters":[],"links":[],"hidden":false,"retry":false,"extra":{"severity":"normal","retries":[],"categories":[{"name":"Test defects","matchedStatuses":[],"flaky":false}],"tags":[]},"source":"3b981bd30596a5b9.json","parameterValues":[]}