{"uid":"4c8a2d086b2b2e0f","name":"Container restriction with height: 100 and width: 130","fullName":"tests.test_interactions.TestInteractions#test_container_restriction","historyId":"12e0704202e7e7df29c2dfc6033c75c5","time":{"start":1712915237460,"stop":1712915248800,"duration":11340},"status":"broken","statusMessage":"selenium.common.exceptions.TimeoutException: Message: \nStacktrace:\nRemoteError@chrome://remote/content/shared/RemoteError.sys.mjs:8:8\nWebDriverError@chrome://remote/content/shared/webdriver/Errors.sys.mjs:192:5\nNoSuchElementError@chrome://remote/content/shared/webdriver/Errors.sys.mjs:510:5\ndom.find/</<@chrome://remote/content/shared/DOM.sys.mjs:136:16","statusTrace":"self = <test_interactions.TestInteractions object at 0x7f4c28cca3f0>, top = 100\nleft = 130\n\n    @allure.title(\"Container restriction with height: {top} and width: {left}\")\n    @pytest.mark.parametrize(\"top, left\", [(50, 40), (90, 70), (100, 130)])\n    def test_container_restriction(self, top, left):\n        self.dragabble.open()\n        self.dragabble.is_opened()\n        self.dragabble.click_button_container_restriction()\n>       self.dragabble.check_container_restriction(top, left)\n\ntests/test_interactions.py:129: \n_ _ _ _ _ _ _ _ _ _ _ _ _ _ _ _ _ _ _ _ _ _ _ _ _ _ _ _ _ _ _ _ _ _ _ _ _ _ _ _ \npages/interactions/dragabble.py:87: in check_container_restriction\n    drag = self.wait.until(EC.visibility_of_element_located(self.DRAG_CONTAINER))\n_ _ _ _ _ _ _ _ _ _ _ _ _ _ _ _ _ _ _ _ _ _ _ _ _ _ _ _ _ _ _ _ _ _ _ _ _ _ _ _ \n\nself = <selenium.webdriver.support.wait.WebDriverWait (session=\"d011d295-b829-4ef9-ae1f-9b31e9cef404\")>\nmethod = <function visibility_of_element_located.<locals>._predicate at 0x7f4c27ec6a20>\nmessage = ''\n\n    def until(self, method: Callable[[D], Union[Literal[False], T]], message: str = \"\") -> T:\n        \"\"\"Calls the method provided with the driver as an argument until the \\\n        return value does not evaluate to ``False``.\n    \n        :param method: callable(WebDriver)\n        :param message: optional message for :exc:`TimeoutException`\n        :returns: the result of the last call to `method`\n        :raises: :exc:`selenium.common.exceptions.TimeoutException` if timeout occurs\n        \"\"\"\n        screen = None\n        stacktrace = None\n    \n        end_time = time.monotonic() + self._timeout\n        while True:\n            try:\n                value = method(self._driver)\n                if value:\n                    return value\n            except self._ignored_exceptions as exc:\n                screen = getattr(exc, \"screen\", None)\n                stacktrace = getattr(exc, \"stacktrace\", None)\n            time.sleep(self._poll)\n            if time.monotonic() > end_time:\n                break\n>       raise TimeoutException(message, screen, stacktrace)\nE       selenium.common.exceptions.TimeoutException: Message: \nE       Stacktrace:\nE       RemoteError@chrome://remote/content/shared/RemoteError.sys.mjs:8:8\nE       WebDriverError@chrome://remote/content/shared/webdriver/Errors.sys.mjs:192:5\nE       NoSuchElementError@chrome://remote/content/shared/webdriver/Errors.sys.mjs:510:5\nE       dom.find/</<@chrome://remote/content/shared/DOM.sys.mjs:136:16\n\n/opt/hostedtoolcache/Python/3.12.2/x64/lib/python3.12/site-packages/selenium/webdriver/support/wait.py:105: TimeoutException","flaky":false,"newFailed":false,"newBroken":false,"newPassed":false,"retriesCount":0,"retriesStatusChange":false,"beforeStages":[{"name":"_session_faker","time":{"start":1712915011888,"stop":1712915011920,"duration":32},"status":"passed","steps":[],"attachments":[],"parameters":[],"shouldDisplayMessage":false,"stepsCount":0,"attachmentsCount":0,"hasContent":false},{"name":"tmp_path_factory","time":{"start":1712915011920,"stop":1712915011920,"duration":0},"status":"passed","steps":[],"attachments":[],"parameters":[],"shouldDisplayMessage":false,"stepsCount":0,"attachmentsCount":0,"hasContent":false},{"name":"tmp_path","time":{"start":1712915235687,"stop":1712915235688,"duration":1},"status":"passed","steps":[],"attachments":[],"parameters":[],"shouldDisplayMessage":false,"stepsCount":0,"attachmentsCount":0,"hasContent":false},{"name":"driver","time":{"start":1712915235688,"stop":1712915236919,"duration":1231},"status":"passed","steps":[],"attachments":[],"parameters":[],"shouldDisplayMessage":false,"stepsCount":0,"attachmentsCount":0,"hasContent":false},{"name":"tmpdir","time":{"start":1712915235688,"stop":1712915235688,"duration":0},"status":"passed","steps":[],"attachments":[],"parameters":[],"shouldDisplayMessage":false,"stepsCount":0,"attachmentsCount":0,"hasContent":false},{"name":"environment_allure","time":{"start":1712915236919,"stop":1712915236919,"duration":0},"status":"passed","steps":[],"attachments":[],"parameters":[],"shouldDisplayMessage":false,"stepsCount":0,"attachmentsCount":0,"hasContent":false},{"name":"setup","time":{"start":1712915236920,"stop":1712915237459,"duration":539},"status":"passed","steps":[],"attachments":[],"parameters":[],"shouldDisplayMessage":false,"stepsCount":0,"attachmentsCount":0,"hasContent":false}],"testStage":{"status":"broken","statusMessage":"selenium.common.exceptions.TimeoutException: Message: \nStacktrace:\nRemoteError@chrome://remote/content/shared/RemoteError.sys.mjs:8:8\nWebDriverError@chrome://remote/content/shared/webdriver/Errors.sys.mjs:192:5\nNoSuchElementError@chrome://remote/content/shared/webdriver/Errors.sys.mjs:510:5\ndom.find/</<@chrome://remote/content/shared/DOM.sys.mjs:136:16","statusTrace":"self = <test_interactions.TestInteractions object at 0x7f4c28cca3f0>, top = 100\nleft = 130\n\n    @allure.title(\"Container restriction with height: {top} and width: {left}\")\n    @pytest.mark.parametrize(\"top, left\", [(50, 40), (90, 70), (100, 130)])\n    def test_container_restriction(self, top, left):\n        self.dragabble.open()\n        self.dragabble.is_opened()\n        self.dragabble.click_button_container_restriction()\n>       self.dragabble.check_container_restriction(top, left)\n\ntests/test_interactions.py:129: \n_ _ _ _ _ _ _ _ _ _ _ _ _ _ _ _ _ _ _ _ _ _ _ _ _ _ _ _ _ _ _ _ _ _ _ _ _ _ _ _ \npages/interactions/dragabble.py:87: in check_container_restriction\n    drag = self.wait.until(EC.visibility_of_element_located(self.DRAG_CONTAINER))\n_ _ _ _ _ _ _ _ _ _ _ _ _ _ _ _ _ _ _ _ _ _ _ _ _ _ _ _ _ _ _ _ _ _ _ _ _ _ _ _ \n\nself = <selenium.webdriver.support.wait.WebDriverWait (session=\"d011d295-b829-4ef9-ae1f-9b31e9cef404\")>\nmethod = <function visibility_of_element_located.<locals>._predicate at 0x7f4c27ec6a20>\nmessage = ''\n\n    def until(self, method: Callable[[D], Union[Literal[False], T]], message: str = \"\") -> T:\n        \"\"\"Calls the method provided with the driver as an argument until the \\\n        return value does not evaluate to ``False``.\n    \n        :param method: callable(WebDriver)\n        :param message: optional message for :exc:`TimeoutException`\n        :returns: the result of the last call to `method`\n        :raises: :exc:`selenium.common.exceptions.TimeoutException` if timeout occurs\n        \"\"\"\n        screen = None\n        stacktrace = None\n    \n        end_time = time.monotonic() + self._timeout\n        while True:\n            try:\n                value = method(self._driver)\n                if value:\n                    return value\n            except self._ignored_exceptions as exc:\n                screen = getattr(exc, \"screen\", None)\n                stacktrace = getattr(exc, \"stacktrace\", None)\n            time.sleep(self._poll)\n            if time.monotonic() > end_time:\n                break\n>       raise TimeoutException(message, screen, stacktrace)\nE       selenium.common.exceptions.TimeoutException: Message: \nE       Stacktrace:\nE       RemoteError@chrome://remote/content/shared/RemoteError.sys.mjs:8:8\nE       WebDriverError@chrome://remote/content/shared/webdriver/Errors.sys.mjs:192:5\nE       NoSuchElementError@chrome://remote/content/shared/webdriver/Errors.sys.mjs:510:5\nE       dom.find/</<@chrome://remote/content/shared/DOM.sys.mjs:136:16\n\n/opt/hostedtoolcache/Python/3.12.2/x64/lib/python3.12/site-packages/selenium/webdriver/support/wait.py:105: TimeoutException","steps":[{"name":"Open URL","time":{"start":1712915237460,"stop":1712915239949,"duration":2489},"status":"passed","steps":[],"attachments":[],"parameters":[],"shouldDisplayMessage":false,"stepsCount":0,"attachmentsCount":0,"hasContent":false},{"name":"Check is opened URL","time":{"start":1712915239949,"stop":1712915239950,"duration":1},"status":"passed","steps":[],"attachments":[],"parameters":[],"shouldDisplayMessage":false,"stepsCount":0,"attachmentsCount":0,"hasContent":false},{"name":"Click button container restriction","time":{"start":1712915239950,"stop":1712915240228,"duration":278},"status":"passed","steps":[],"attachments":[],"parameters":[],"shouldDisplayMessage":false,"stepsCount":0,"attachmentsCount":0,"hasContent":false},{"name":"Checking container restriction","time":{"start":1712915240229,"stop":1712915248799,"duration":8570},"status":"broken","statusMessage":"selenium.common.exceptions.TimeoutException: Message: \nStacktrace:\nRemoteError@chrome://remote/content/shared/RemoteError.sys.mjs:8:8\nWebDriverError@chrome://remote/content/shared/webdriver/Errors.sys.mjs:192:5\nNoSuchElementError@chrome://remote/content/shared/webdriver/Errors.sys.mjs:510:5\ndom.find/</<@chrome://remote/content/shared/DOM.sys.mjs:136:16\n\n","statusTrace":"  File \"/opt/hostedtoolcache/Python/3.12.2/x64/lib/python3.12/site-packages/allure_commons/_allure.py\", line 192, in impl\n    return func(*a, **kw)\n           ^^^^^^^^^^^^^^\n  File \"/home/runner/work/demoqa_ui/demoqa_ui/pages/interactions/dragabble.py\", line 87, in check_container_restriction\n    drag = self.wait.until(EC.visibility_of_element_located(self.DRAG_CONTAINER))\n           ^^^^^^^^^^^^^^^^^^^^^^^^^^^^^^^^^^^^^^^^^^^^^^^^^^^^^^^^^^^^^^^^^^^^^^\n  File \"/opt/hostedtoolcache/Python/3.12.2/x64/lib/python3.12/site-packages/selenium/webdriver/support/wait.py\", line 105, in until\n    raise TimeoutException(message, screen, stacktrace)\n","steps":[{"name":"Position determination","time":{"start":1712915240245,"stop":1712915240251,"duration":6},"status":"passed","steps":[],"attachments":[],"parameters":[{"name":"drag","value":"<selenium.webdriver.remote.webelement.WebElement (session=\"d011d295-b829-4ef9-ae1f-9b31e9cef404\", element=\"edb4525d-a2da-4692-bc5f-9866a3b39359\")>"}],"shouldDisplayMessage":false,"stepsCount":0,"attachmentsCount":0,"hasContent":true}],"attachments":[],"parameters":[{"name":"top","value":"100"},{"name":"left","value":"130"}],"shouldDisplayMessage":true,"stepsCount":1,"attachmentsCount":0,"hasContent":true}],"attachments":[],"parameters":[],"shouldDisplayMessage":true,"stepsCount":5,"attachmentsCount":0,"hasContent":true},"afterStages":[{"name":"driver::0","time":{"start":1712915248811,"stop":1712915249479,"duration":668},"status":"passed","steps":[],"attachments":[{"uid":"25a9771e1a207879","name":"test_container_restriction[100-130].png","source":"25a9771e1a207879.png","type":"image/png","size":476265}],"parameters":[],"shouldDisplayMessage":false,"stepsCount":0,"attachmentsCount":1,"hasContent":true},{"name":"tmp_path::0","time":{"start":1712915249479,"stop":1712915249479,"duration":0},"status":"passed","steps":[],"attachments":[],"parameters":[],"shouldDisplayMessage":false,"stepsCount":0,"attachmentsCount":0,"hasContent":false}],"labels":[{"name":"feature","value":"Interactions"},{"name":"parentSuite","value":"tests"},{"name":"suite","value":"test_interactions"},{"name":"subSuite","value":"TestInteractions"},{"name":"host","value":"fv-az1106-440"},{"name":"thread","value":"2896-MainThread"},{"name":"framework","value":"pytest"},{"name":"language","value":"cpython3"},{"name":"package","value":"tests.test_interactions"},{"name":"resultFormat","value":"allure2"}],"parameters":[{"name":"left","value":"130"},{"name":"top","value":"100"}],"links":[],"hidden":false,"retry":false,"extra":{"severity":"normal","retries":[],"categories":[{"name":"Test defects","matchedStatuses":[],"flaky":false}],"tags":[]},"source":"4c8a2d086b2b2e0f.json","parameterValues":["130","100"]}