{"uid":"f93ed7dd843487cc","name":"Checking the submitted form ","fullName":"tests.test_practice_form.TestPracticeForm#test_submitting_the_form","historyId":"330ddb94dda9b207b5a553ed4e44c51a","time":{"start":1712915255468,"stop":1712915255468,"duration":0},"status":"broken","statusMessage":"selenium.common.exceptions.MoveTargetOutOfBoundsException: Message: Move target (636, 639) is out of bounds of viewport dimensions (1366, 635)\nStacktrace:\nRemoteError@chrome://remote/content/shared/RemoteError.sys.mjs:8:8\nWebDriverError@chrome://remote/content/shared/webdriver/Errors.sys.mjs:192:5\nMoveTargetOutOfBoundsError@chrome://remote/content/shared/webdriver/Errors.sys.mjs:478:5\nassertInViewPort@chrome://remote/content/shared/webdriver/Actions.sys.mjs:2371:11\ndispatch@chrome://remote/content/shared/webdriver/Actions.sys.mjs:1316:21\ndispatch/pendingEvents<@chrome://remote/content/shared/webdriver/Actions.sys.mjs:2040:14\ndispatch@chrome://remote/content/shared/webdriver/Actions.sys.mjs:2039:39\ndispatch/chainEvents<@chrome://remote/content/shared/webdriver/Actions.sys.mjs:1950:27\ndispatch@chrome://remote/content/shared/webdriver/Actions.sys.mjs:1952:7\nperformActions@chrome://remote/content/marionette/actors/MarionetteCommandsChild.sys.mjs:508:23\nreceiveMessage@chrome://remote/content/marionette/actors/MarionetteCommandsChild.sys.mjs:143:31","statusTrace":"self = <test_practice_form.TestPracticeForm object at 0x7f4c28cca540>\n\n    @allure.title(\"Form filling\")\n    @pytest.fixture()\n    def filling_form(self):\n        self.practice_form.open()\n        self.practice_form.is_opened()\n        self.practice_form.set_last_name()\n        self.practice_form.set_first_name()\n        self.practice_form.set_user_email()\n        self.practice_form.click_radiobutton_male()\n        self.practice_form.set_user_number()\n>       self.practice_form.set_date_birth()\n\ntests/test_practice_form.py:18: \n_ _ _ _ _ _ _ _ _ _ _ _ _ _ _ _ _ _ _ _ _ _ _ _ _ _ _ _ _ _ _ _ _ _ _ _ _ _ _ _ \npages/forms/practice_form.py:84: in set_date_birth\n    self.scroll_to_element(input)\nbase/base_page.py:36: in scroll_to_element\n    self.action.scroll_to_element(element).perform()\n/opt/hostedtoolcache/Python/3.12.2/x64/lib/python3.12/site-packages/selenium/webdriver/common/action_chains.py:94: in perform\n    self.w3c_actions.perform()\n/opt/hostedtoolcache/Python/3.12.2/x64/lib/python3.12/site-packages/selenium/webdriver/common/actions/action_builder.py:96: in perform\n    self.driver.execute(Command.W3C_ACTIONS, enc)\n/opt/hostedtoolcache/Python/3.12.2/x64/lib/python3.12/site-packages/selenium/webdriver/remote/webdriver.py:347: in execute\n    self.error_handler.check_response(response)\n_ _ _ _ _ _ _ _ _ _ _ _ _ _ _ _ _ _ _ _ _ _ _ _ _ _ _ _ _ _ _ _ _ _ _ _ _ _ _ _ \n\nself = <selenium.webdriver.remote.errorhandler.ErrorHandler object at 0x7f4c28ceab70>\nresponse = {'status': 500, 'value': '{\"value\":{\"error\":\"move target out of bounds\",\"message\":\"Move target (636, 639) is out of bo...ys.mjs:508:23\\\\nreceiveMessage@chrome://remote/content/marionette/actors/MarionetteCommandsChild.sys.mjs:143:31\\\\n\"}}'}\n\n    def check_response(self, response: Dict[str, Any]) -> None:\n        \"\"\"Checks that a JSON response from the WebDriver does not have an\n        error.\n    \n        :Args:\n         - response - The JSON response from the WebDriver server as a dictionary\n           object.\n    \n        :Raises: If the response contains an error message.\n        \"\"\"\n        status = response.get(\"status\", None)\n        if not status or status == ErrorCode.SUCCESS:\n            return\n        value = None\n        message = response.get(\"message\", \"\")\n        screen: str = response.get(\"screen\", \"\")\n        stacktrace = None\n        if isinstance(status, int):\n            value_json = response.get(\"value\", None)\n            if value_json and isinstance(value_json, str):\n                import json\n    \n                try:\n                    value = json.loads(value_json)\n                    if len(value) == 1:\n                        value = value[\"value\"]\n                    status = value.get(\"error\", None)\n                    if not status:\n                        status = value.get(\"status\", ErrorCode.UNKNOWN_ERROR)\n                        message = value.get(\"value\") or value.get(\"message\")\n                        if not isinstance(message, str):\n                            value = message\n                            message = message.get(\"message\")\n                    else:\n                        message = value.get(\"message\", None)\n                except ValueError:\n                    pass\n    \n        exception_class: Type[WebDriverException]\n        e = ErrorCode()\n        error_codes = [item for item in dir(e) if not item.startswith(\"__\")]\n        for error_code in error_codes:\n            error_info = getattr(ErrorCode, error_code)\n            if isinstance(error_info, list) and status in error_info:\n                exception_class = getattr(ExceptionMapping, error_code, WebDriverException)\n                break\n        else:\n            exception_class = WebDriverException\n    \n        if not value:\n            value = response[\"value\"]\n        if isinstance(value, str):\n            raise exception_class(value)\n        if message == \"\" and \"message\" in value:\n            message = value[\"message\"]\n    \n        screen = None  # type: ignore[assignment]\n        if \"screen\" in value:\n            screen = value[\"screen\"]\n    \n        stacktrace = None\n        st_value = value.get(\"stackTrace\") or value.get(\"stacktrace\")\n        if st_value:\n            if isinstance(st_value, str):\n                stacktrace = st_value.split(\"\\n\")\n            else:\n                stacktrace = []\n                try:\n                    for frame in st_value:\n                        line = frame.get(\"lineNumber\", \"\")\n                        file = frame.get(\"fileName\", \"<anonymous>\")\n                        if line:\n                            file = f\"{file}:{line}\"\n                        meth = frame.get(\"methodName\", \"<anonymous>\")\n                        if \"className\" in frame:\n                            meth = f\"{frame['className']}.{meth}\"\n                        msg = \"    at %s (%s)\"\n                        msg = msg % (meth, file)\n                        stacktrace.append(msg)\n                except TypeError:\n                    pass\n        if exception_class == UnexpectedAlertPresentException:\n            alert_text = None\n            if \"data\" in value:\n                alert_text = value[\"data\"].get(\"text\")\n            elif \"alert\" in value:\n                alert_text = value[\"alert\"].get(\"text\")\n            raise exception_class(message, screen, stacktrace, alert_text)  # type: ignore[call-arg]  # mypy is not smart enough here\n>       raise exception_class(message, screen, stacktrace)\nE       selenium.common.exceptions.MoveTargetOutOfBoundsException: Message: Move target (636, 639) is out of bounds of viewport dimensions (1366, 635)\nE       Stacktrace:\nE       RemoteError@chrome://remote/content/shared/RemoteError.sys.mjs:8:8\nE       WebDriverError@chrome://remote/content/shared/webdriver/Errors.sys.mjs:192:5\nE       MoveTargetOutOfBoundsError@chrome://remote/content/shared/webdriver/Errors.sys.mjs:478:5\nE       assertInViewPort@chrome://remote/content/shared/webdriver/Actions.sys.mjs:2371:11\nE       dispatch@chrome://remote/content/shared/webdriver/Actions.sys.mjs:1316:21\nE       dispatch/pendingEvents<@chrome://remote/content/shared/webdriver/Actions.sys.mjs:2040:14\nE       dispatch@chrome://remote/content/shared/webdriver/Actions.sys.mjs:2039:39\nE       dispatch/chainEvents<@chrome://remote/content/shared/webdriver/Actions.sys.mjs:1950:27\nE       dispatch@chrome://remote/content/shared/webdriver/Actions.sys.mjs:1952:7\nE       performActions@chrome://remote/content/marionette/actors/MarionetteCommandsChild.sys.mjs:508:23\nE       receiveMessage@chrome://remote/content/marionette/actors/MarionetteCommandsChild.sys.mjs:143:31\n\n/opt/hostedtoolcache/Python/3.12.2/x64/lib/python3.12/site-packages/selenium/webdriver/remote/errorhandler.py:229: MoveTargetOutOfBoundsException","flaky":false,"newFailed":false,"newBroken":false,"newPassed":false,"retriesCount":0,"retriesStatusChange":false,"beforeStages":[{"name":"_session_faker","time":{"start":1712915011888,"stop":1712915011920,"duration":32},"status":"passed","steps":[],"attachments":[],"parameters":[],"shouldDisplayMessage":false,"stepsCount":0,"attachmentsCount":0,"hasContent":false},{"name":"tmp_path_factory","time":{"start":1712915011920,"stop":1712915011920,"duration":0},"status":"passed","steps":[],"attachments":[],"parameters":[],"shouldDisplayMessage":false,"stepsCount":0,"attachmentsCount":0,"hasContent":false},{"name":"tmpdir","time":{"start":1712915255469,"stop":1712915255470,"duration":1},"status":"passed","steps":[],"attachments":[],"parameters":[],"shouldDisplayMessage":false,"stepsCount":0,"attachmentsCount":0,"hasContent":false},{"name":"tmp_path","time":{"start":1712915255469,"stop":1712915255469,"duration":0},"status":"passed","steps":[],"attachments":[],"parameters":[],"shouldDisplayMessage":false,"stepsCount":0,"attachmentsCount":0,"hasContent":false},{"name":"driver","time":{"start":1712915255470,"stop":1712915256692,"duration":1222},"status":"passed","steps":[],"attachments":[],"parameters":[],"shouldDisplayMessage":false,"stepsCount":0,"attachmentsCount":0,"hasContent":false},{"name":"environment_allure","time":{"start":1712915256692,"stop":1712915256693,"duration":1},"status":"passed","steps":[],"attachments":[],"parameters":[],"shouldDisplayMessage":false,"stepsCount":0,"attachmentsCount":0,"hasContent":false},{"name":"setup","time":{"start":1712915256693,"stop":1712915257219,"duration":526},"status":"passed","steps":[],"attachments":[],"parameters":[],"shouldDisplayMessage":false,"stepsCount":0,"attachmentsCount":0,"hasContent":false},{"name":"Form filling","time":{"start":1712915257220,"stop":1712915260409,"duration":3189},"status":"broken","statusMessage":"selenium.common.exceptions.MoveTargetOutOfBoundsException: Message: Move target (636, 639) is out of bounds of viewport dimensions (1366, 635)\nStacktrace:\nRemoteError@chrome://remote/content/shared/RemoteError.sys.mjs:8:8\nWebDriverError@chrome://remote/content/shared/webdriver/Errors.sys.mjs:192:5\nMoveTargetOutOfBoundsError@chrome://remote/content/shared/webdriver/Errors.sys.mjs:478:5\nassertInViewPort@chrome://remote/content/shared/webdriver/Actions.sys.mjs:2371:11\ndispatch@chrome://remote/content/shared/webdriver/Actions.sys.mjs:1316:21\ndispatch/pendingEvents<@chrome://remote/content/shared/webdriver/Actions.sys.mjs:2040:14\ndispatch@chrome://remote/content/shared/webdriver/Actions.sys.mjs:2039:39\ndispatch/chainEvents<@chrome://remote/content/shared/webdriver/Actions.sys.mjs:1950:27\ndispatch@chrome://remote/content/shared/webdriver/Actions.sys.mjs:1952:7\nperformActions@chrome://remote/content/marionette/actors/MarionetteCommandsChild.sys.mjs:508:23\nreceiveMessage@chrome://remote/content/marionette/actors/MarionetteCommandsChild.sys.mjs:143:31\n\n","statusTrace":"  File \"/opt/hostedtoolcache/Python/3.12.2/x64/lib/python3.12/site-packages/pluggy/_callers.py\", line 166, in _multicall\n    teardown.throw(outcome._exception)\n  File \"/opt/hostedtoolcache/Python/3.12.2/x64/lib/python3.12/site-packages/_pytest/setuponly.py\", line 36, in pytest_fixture_setup\n    return (yield)\n            ^^^^^\n  File \"/opt/hostedtoolcache/Python/3.12.2/x64/lib/python3.12/site-packages/pluggy/_callers.py\", line 102, in _multicall\n    res = hook_impl.function(*args)\n          ^^^^^^^^^^^^^^^^^^^^^^^^^\n  File \"/opt/hostedtoolcache/Python/3.12.2/x64/lib/python3.12/site-packages/_pytest/fixtures.py\", line 1149, in pytest_fixture_setup\n    result = call_fixture_func(fixturefunc, request, kwargs)\n             ^^^^^^^^^^^^^^^^^^^^^^^^^^^^^^^^^^^^^^^^^^^^^^^\n  File \"/opt/hostedtoolcache/Python/3.12.2/x64/lib/python3.12/site-packages/_pytest/fixtures.py\", line 923, in call_fixture_func\n    fixture_result = fixturefunc(**kwargs)\n                     ^^^^^^^^^^^^^^^^^^^^^\n  File \"/home/runner/work/demoqa_ui/demoqa_ui/tests/test_practice_form.py\", line 18, in filling_form\n    self.practice_form.set_date_birth()\n  File \"/opt/hostedtoolcache/Python/3.12.2/x64/lib/python3.12/site-packages/allure_commons/_allure.py\", line 192, in impl\n    return func(*a, **kw)\n           ^^^^^^^^^^^^^^\n  File \"/home/runner/work/demoqa_ui/demoqa_ui/pages/forms/practice_form.py\", line 84, in set_date_birth\n    self.scroll_to_element(input)\n  File \"/opt/hostedtoolcache/Python/3.12.2/x64/lib/python3.12/site-packages/allure_commons/_allure.py\", line 192, in impl\n    return func(*a, **kw)\n           ^^^^^^^^^^^^^^\n  File \"/home/runner/work/demoqa_ui/demoqa_ui/base/base_page.py\", line 36, in scroll_to_element\n    self.action.scroll_to_element(element).perform()\n  File \"/opt/hostedtoolcache/Python/3.12.2/x64/lib/python3.12/site-packages/selenium/webdriver/common/action_chains.py\", line 94, in perform\n    self.w3c_actions.perform()\n  File \"/opt/hostedtoolcache/Python/3.12.2/x64/lib/python3.12/site-packages/selenium/webdriver/common/actions/action_builder.py\", line 96, in perform\n    self.driver.execute(Command.W3C_ACTIONS, enc)\n  File \"/opt/hostedtoolcache/Python/3.12.2/x64/lib/python3.12/site-packages/selenium/webdriver/remote/webdriver.py\", line 347, in execute\n    self.error_handler.check_response(response)\n  File \"/opt/hostedtoolcache/Python/3.12.2/x64/lib/python3.12/site-packages/selenium/webdriver/remote/errorhandler.py\", line 229, in check_response\n    raise exception_class(message, screen, stacktrace)\n","steps":[{"name":"Open URL","time":{"start":1712915257220,"stop":1712915259398,"duration":2178},"status":"passed","steps":[],"attachments":[],"parameters":[],"shouldDisplayMessage":false,"stepsCount":0,"attachmentsCount":0,"hasContent":false},{"name":"Check is opened URL","time":{"start":1712915259398,"stop":1712915259401,"duration":3},"status":"passed","steps":[],"attachments":[],"parameters":[],"shouldDisplayMessage":false,"stepsCount":0,"attachmentsCount":0,"hasContent":false},{"name":"Set last name","time":{"start":1712915259401,"stop":1712915259582,"duration":181},"status":"passed","steps":[],"attachments":[],"parameters":[],"shouldDisplayMessage":false,"stepsCount":0,"attachmentsCount":0,"hasContent":false},{"name":"Set first name","time":{"start":1712915259582,"stop":1712915259677,"duration":95},"status":"passed","steps":[],"attachments":[],"parameters":[],"shouldDisplayMessage":false,"stepsCount":0,"attachmentsCount":0,"hasContent":false},{"name":"Set email","time":{"start":1712915259677,"stop":1712915259824,"duration":147},"status":"passed","steps":[],"attachments":[],"parameters":[],"shouldDisplayMessage":false,"stepsCount":0,"attachmentsCount":0,"hasContent":false},{"name":"Click radiobutton male","time":{"start":1712915259824,"stop":1712915260120,"duration":296},"status":"passed","steps":[{"name":"Scroll to element","time":{"start":1712915259867,"stop":1712915259896,"duration":29},"status":"passed","steps":[],"attachments":[],"parameters":[{"name":"element","value":"<selenium.webdriver.remote.webelement.WebElement (session=\"1546e66e-0414-419c-a8b9-710ebc2decec\", element=\"9e7014ba-f69b-4462-8706-677972235925\")>"}],"shouldDisplayMessage":false,"stepsCount":0,"attachmentsCount":0,"hasContent":true}],"attachments":[],"parameters":[],"shouldDisplayMessage":false,"stepsCount":1,"attachmentsCount":0,"hasContent":true},{"name":"Set phone number","time":{"start":1712915260120,"stop":1712915260351,"duration":231},"status":"passed","steps":[],"attachments":[],"parameters":[],"shouldDisplayMessage":false,"stepsCount":0,"attachmentsCount":0,"hasContent":false},{"name":"Set birthdate","time":{"start":1712915260352,"stop":1712915260408,"duration":56},"status":"broken","statusMessage":"selenium.common.exceptions.MoveTargetOutOfBoundsException: Message: Move target (636, 639) is out of bounds of viewport dimensions (1366, 635)\nStacktrace:\nRemoteError@chrome://remote/content/shared/RemoteError.sys.mjs:8:8\nWebDriverError@chrome://remote/content/shared/webdriver/Errors.sys.mjs:192:5\nMoveTargetOutOfBoundsError@chrome://remote/content/shared/webdriver/Errors.sys.mjs:478:5\nassertInViewPort@chrome://remote/content/shared/webdriver/Actions.sys.mjs:2371:11\ndispatch@chrome://remote/content/shared/webdriver/Actions.sys.mjs:1316:21\ndispatch/pendingEvents<@chrome://remote/content/shared/webdriver/Actions.sys.mjs:2040:14\ndispatch@chrome://remote/content/shared/webdriver/Actions.sys.mjs:2039:39\ndispatch/chainEvents<@chrome://remote/content/shared/webdriver/Actions.sys.mjs:1950:27\ndispatch@chrome://remote/content/shared/webdriver/Actions.sys.mjs:1952:7\nperformActions@chrome://remote/content/marionette/actors/MarionetteCommandsChild.sys.mjs:508:23\nreceiveMessage@chrome://remote/content/marionette/actors/MarionetteCommandsChild.sys.mjs:143:31\n\n","statusTrace":"  File \"/opt/hostedtoolcache/Python/3.12.2/x64/lib/python3.12/site-packages/allure_commons/_allure.py\", line 192, in impl\n    return func(*a, **kw)\n           ^^^^^^^^^^^^^^\n  File \"/home/runner/work/demoqa_ui/demoqa_ui/pages/forms/practice_form.py\", line 84, in set_date_birth\n    self.scroll_to_element(input)\n  File \"/opt/hostedtoolcache/Python/3.12.2/x64/lib/python3.12/site-packages/allure_commons/_allure.py\", line 192, in impl\n    return func(*a, **kw)\n           ^^^^^^^^^^^^^^\n  File \"/home/runner/work/demoqa_ui/demoqa_ui/base/base_page.py\", line 36, in scroll_to_element\n    self.action.scroll_to_element(element).perform()\n  File \"/opt/hostedtoolcache/Python/3.12.2/x64/lib/python3.12/site-packages/selenium/webdriver/common/action_chains.py\", line 94, in perform\n    self.w3c_actions.perform()\n  File \"/opt/hostedtoolcache/Python/3.12.2/x64/lib/python3.12/site-packages/selenium/webdriver/common/actions/action_builder.py\", line 96, in perform\n    self.driver.execute(Command.W3C_ACTIONS, enc)\n  File \"/opt/hostedtoolcache/Python/3.12.2/x64/lib/python3.12/site-packages/selenium/webdriver/remote/webdriver.py\", line 347, in execute\n    self.error_handler.check_response(response)\n  File \"/opt/hostedtoolcache/Python/3.12.2/x64/lib/python3.12/site-packages/selenium/webdriver/remote/errorhandler.py\", line 229, in check_response\n    raise exception_class(message, screen, stacktrace)\n","steps":[{"name":"Scroll to element","time":{"start":1712915260398,"stop":1712915260407,"duration":9},"status":"broken","statusMessage":"selenium.common.exceptions.MoveTargetOutOfBoundsException: Message: Move target (636, 639) is out of bounds of viewport dimensions (1366, 635)\nStacktrace:\nRemoteError@chrome://remote/content/shared/RemoteError.sys.mjs:8:8\nWebDriverError@chrome://remote/content/shared/webdriver/Errors.sys.mjs:192:5\nMoveTargetOutOfBoundsError@chrome://remote/content/shared/webdriver/Errors.sys.mjs:478:5\nassertInViewPort@chrome://remote/content/shared/webdriver/Actions.sys.mjs:2371:11\ndispatch@chrome://remote/content/shared/webdriver/Actions.sys.mjs:1316:21\ndispatch/pendingEvents<@chrome://remote/content/shared/webdriver/Actions.sys.mjs:2040:14\ndispatch@chrome://remote/content/shared/webdriver/Actions.sys.mjs:2039:39\ndispatch/chainEvents<@chrome://remote/content/shared/webdriver/Actions.sys.mjs:1950:27\ndispatch@chrome://remote/content/shared/webdriver/Actions.sys.mjs:1952:7\nperformActions@chrome://remote/content/marionette/actors/MarionetteCommandsChild.sys.mjs:508:23\nreceiveMessage@chrome://remote/content/marionette/actors/MarionetteCommandsChild.sys.mjs:143:31\n\n","statusTrace":"  File \"/opt/hostedtoolcache/Python/3.12.2/x64/lib/python3.12/site-packages/allure_commons/_allure.py\", line 192, in impl\n    return func(*a, **kw)\n           ^^^^^^^^^^^^^^\n  File \"/home/runner/work/demoqa_ui/demoqa_ui/base/base_page.py\", line 36, in scroll_to_element\n    self.action.scroll_to_element(element).perform()\n  File \"/opt/hostedtoolcache/Python/3.12.2/x64/lib/python3.12/site-packages/selenium/webdriver/common/action_chains.py\", line 94, in perform\n    self.w3c_actions.perform()\n  File \"/opt/hostedtoolcache/Python/3.12.2/x64/lib/python3.12/site-packages/selenium/webdriver/common/actions/action_builder.py\", line 96, in perform\n    self.driver.execute(Command.W3C_ACTIONS, enc)\n  File \"/opt/hostedtoolcache/Python/3.12.2/x64/lib/python3.12/site-packages/selenium/webdriver/remote/webdriver.py\", line 347, in execute\n    self.error_handler.check_response(response)\n  File \"/opt/hostedtoolcache/Python/3.12.2/x64/lib/python3.12/site-packages/selenium/webdriver/remote/errorhandler.py\", line 229, in check_response\n    raise exception_class(message, screen, stacktrace)\n","steps":[],"attachments":[],"parameters":[{"name":"element","value":"<selenium.webdriver.remote.webelement.WebElement (session=\"1546e66e-0414-419c-a8b9-710ebc2decec\", element=\"9b315239-415e-428e-9d20-e4e9dde82958\")>"}],"shouldDisplayMessage":true,"stepsCount":0,"attachmentsCount":0,"hasContent":true}],"attachments":[],"parameters":[],"shouldDisplayMessage":false,"stepsCount":1,"attachmentsCount":0,"hasContent":true}],"attachments":[],"parameters":[],"shouldDisplayMessage":false,"stepsCount":10,"attachmentsCount":0,"hasContent":true}],"afterStages":[{"name":"driver::0","time":{"start":1712915260470,"stop":1712915261217,"duration":747},"status":"passed","steps":[],"attachments":[],"parameters":[],"shouldDisplayMessage":false,"stepsCount":0,"attachmentsCount":0,"hasContent":false},{"name":"tmp_path::0","time":{"start":1712915261218,"stop":1712915261218,"duration":0},"status":"passed","steps":[],"attachments":[],"parameters":[],"shouldDisplayMessage":false,"stepsCount":0,"attachmentsCount":0,"hasContent":false}],"labels":[{"name":"feature","value":"Practice form"},{"name":"parentSuite","value":"tests"},{"name":"suite","value":"test_practice_form"},{"name":"subSuite","value":"TestPracticeForm"},{"name":"host","value":"fv-az1106-440"},{"name":"thread","value":"2896-MainThread"},{"name":"framework","value":"pytest"},{"name":"language","value":"cpython3"},{"name":"package","value":"tests.test_practice_form"},{"name":"resultFormat","value":"allure2"}],"parameters":[],"links":[],"hidden":false,"retry":false,"extra":{"severity":"normal","retries":[],"categories":[{"name":"Test defects","matchedStatuses":[],"flaky":false}],"tags":[]},"source":"f93ed7dd843487cc.json","parameterValues":[]}