{"uid":"1f4694e8a88cbc64","name":"Axis restriction with height: 90 and width: 70","fullName":"tests.test_interactions.TestInteractions#test_axis_restricted","historyId":"be7a2c336b925a517b0ab3067161e225","time":{"start":1714129472947,"stop":1714129475939,"duration":2992},"status":"broken","statusMessage":"selenium.common.exceptions.MoveTargetOutOfBoundsException: Message: Move target (619, 710) is out of bounds of viewport dimensions (1366, 635)\nStacktrace:\nRemoteError@chrome://remote/content/shared/RemoteError.sys.mjs:8:8\nWebDriverError@chrome://remote/content/shared/webdriver/Errors.sys.mjs:193:5\nMoveTargetOutOfBoundsError@chrome://remote/content/shared/webdriver/Errors.sys.mjs:479:5\nassertInViewPort@chrome://remote/content/shared/webdriver/Actions.sys.mjs:2338:11\ndispatch@chrome://remote/content/shared/webdriver/Actions.sys.mjs:1144:21\ndispatch/pendingEvents<@chrome://remote/content/shared/webdriver/Actions.sys.mjs:2010:14\ndispatch@chrome://remote/content/shared/webdriver/Actions.sys.mjs:2009:39\ndispatch/chainEvents<@chrome://remote/content/shared/webdriver/Actions.sys.mjs:1920:27","statusTrace":"self = <test_interactions.TestInteractions object at 0x7f398665eed0>, top = 90\nleft = 70\n\n    @allure.title(\"Axis restriction with height: {top} and width: {left}\")\n    @pytest.mark.parametrize(\"top, left\", [(50, 40), (90, 70), (130, 130)])\n    def test_axis_restricted(self, top, left):\n        self.dragabble.open()\n        self.dragabble.is_opened()\n        self.dragabble.click_button_axis_restriction()\n>       self.dragabble.check_moving_x(top, left)\n\ntests/test_interactions.py:120: \n_ _ _ _ _ _ _ _ _ _ _ _ _ _ _ _ _ _ _ _ _ _ _ _ _ _ _ _ _ _ _ _ _ _ _ _ _ _ _ _ \npages/interactions/dragabble.py:59: in check_moving_x\n    self.action.drag_and_drop_by_offset(drag, left, top).perform()\n/opt/hostedtoolcache/Python/3.12.3/x64/lib/python3.12/site-packages/selenium/webdriver/common/action_chains.py:94: in perform\n    self.w3c_actions.perform()\n/opt/hostedtoolcache/Python/3.12.3/x64/lib/python3.12/site-packages/selenium/webdriver/common/actions/action_builder.py:96: in perform\n    self.driver.execute(Command.W3C_ACTIONS, enc)\n/opt/hostedtoolcache/Python/3.12.3/x64/lib/python3.12/site-packages/selenium/webdriver/remote/webdriver.py:347: in execute\n    self.error_handler.check_response(response)\n_ _ _ _ _ _ _ _ _ _ _ _ _ _ _ _ _ _ _ _ _ _ _ _ _ _ _ _ _ _ _ _ _ _ _ _ _ _ _ _ \n\nself = <selenium.webdriver.remote.errorhandler.ErrorHandler object at 0x7f398653fc50>\nresponse = {'status': 500, 'value': '{\"value\":{\"error\":\"move target out of bounds\",\"message\":\"Move target (619, 710) is out of bo...ctions.sys.mjs:2009:39\\\\ndispatch/chainEvents<@chrome://remote/content/shared/webdriver/Actions.sys.mjs:1920:27\\\\n\"}}'}\n\n    def check_response(self, response: Dict[str, Any]) -> None:\n        \"\"\"Checks that a JSON response from the WebDriver does not have an\n        error.\n    \n        :Args:\n         - response - The JSON response from the WebDriver server as a dictionary\n           object.\n    \n        :Raises: If the response contains an error message.\n        \"\"\"\n        status = response.get(\"status\", None)\n        if not status or status == ErrorCode.SUCCESS:\n            return\n        value = None\n        message = response.get(\"message\", \"\")\n        screen: str = response.get(\"screen\", \"\")\n        stacktrace = None\n        if isinstance(status, int):\n            value_json = response.get(\"value\", None)\n            if value_json and isinstance(value_json, str):\n                import json\n    \n                try:\n                    value = json.loads(value_json)\n                    if len(value) == 1:\n                        value = value[\"value\"]\n                    status = value.get(\"error\", None)\n                    if not status:\n                        status = value.get(\"status\", ErrorCode.UNKNOWN_ERROR)\n                        message = value.get(\"value\") or value.get(\"message\")\n                        if not isinstance(message, str):\n                            value = message\n                            message = message.get(\"message\")\n                    else:\n                        message = value.get(\"message\", None)\n                except ValueError:\n                    pass\n    \n        exception_class: Type[WebDriverException]\n        e = ErrorCode()\n        error_codes = [item for item in dir(e) if not item.startswith(\"__\")]\n        for error_code in error_codes:\n            error_info = getattr(ErrorCode, error_code)\n            if isinstance(error_info, list) and status in error_info:\n                exception_class = getattr(ExceptionMapping, error_code, WebDriverException)\n                break\n        else:\n            exception_class = WebDriverException\n    \n        if not value:\n            value = response[\"value\"]\n        if isinstance(value, str):\n            raise exception_class(value)\n        if message == \"\" and \"message\" in value:\n            message = value[\"message\"]\n    \n        screen = None  # type: ignore[assignment]\n        if \"screen\" in value:\n            screen = value[\"screen\"]\n    \n        stacktrace = None\n        st_value = value.get(\"stackTrace\") or value.get(\"stacktrace\")\n        if st_value:\n            if isinstance(st_value, str):\n                stacktrace = st_value.split(\"\\n\")\n            else:\n                stacktrace = []\n                try:\n                    for frame in st_value:\n                        line = frame.get(\"lineNumber\", \"\")\n                        file = frame.get(\"fileName\", \"<anonymous>\")\n                        if line:\n                            file = f\"{file}:{line}\"\n                        meth = frame.get(\"methodName\", \"<anonymous>\")\n                        if \"className\" in frame:\n                            meth = f\"{frame['className']}.{meth}\"\n                        msg = \"    at %s (%s)\"\n                        msg = msg % (meth, file)\n                        stacktrace.append(msg)\n                except TypeError:\n                    pass\n        if exception_class == UnexpectedAlertPresentException:\n            alert_text = None\n            if \"data\" in value:\n                alert_text = value[\"data\"].get(\"text\")\n            elif \"alert\" in value:\n                alert_text = value[\"alert\"].get(\"text\")\n            raise exception_class(message, screen, stacktrace, alert_text)  # type: ignore[call-arg]  # mypy is not smart enough here\n>       raise exception_class(message, screen, stacktrace)\nE       selenium.common.exceptions.MoveTargetOutOfBoundsException: Message: Move target (619, 710) is out of bounds of viewport dimensions (1366, 635)\nE       Stacktrace:\nE       RemoteError@chrome://remote/content/shared/RemoteError.sys.mjs:8:8\nE       WebDriverError@chrome://remote/content/shared/webdriver/Errors.sys.mjs:193:5\nE       MoveTargetOutOfBoundsError@chrome://remote/content/shared/webdriver/Errors.sys.mjs:479:5\nE       assertInViewPort@chrome://remote/content/shared/webdriver/Actions.sys.mjs:2338:11\nE       dispatch@chrome://remote/content/shared/webdriver/Actions.sys.mjs:1144:21\nE       dispatch/pendingEvents<@chrome://remote/content/shared/webdriver/Actions.sys.mjs:2010:14\nE       dispatch@chrome://remote/content/shared/webdriver/Actions.sys.mjs:2009:39\nE       dispatch/chainEvents<@chrome://remote/content/shared/webdriver/Actions.sys.mjs:1920:27\n\n/opt/hostedtoolcache/Python/3.12.3/x64/lib/python3.12/site-packages/selenium/webdriver/remote/errorhandler.py:229: MoveTargetOutOfBoundsException","flaky":false,"newFailed":false,"newBroken":true,"newPassed":false,"retriesCount":0,"retriesStatusChange":false,"beforeStages":[{"name":"_session_faker","time":{"start":1714129304620,"stop":1714129304637,"duration":17},"status":"passed","steps":[],"attachments":[],"parameters":[],"shouldDisplayMessage":false,"stepsCount":0,"attachmentsCount":0,"hasContent":false},{"name":"tmp_path_factory","time":{"start":1714129304637,"stop":1714129304637,"duration":0},"status":"passed","steps":[],"attachments":[],"parameters":[],"shouldDisplayMessage":false,"stepsCount":0,"attachmentsCount":0,"hasContent":false},{"name":"tmpdir","time":{"start":1714129471250,"stop":1714129471250,"duration":0},"status":"passed","steps":[],"attachments":[],"parameters":[],"shouldDisplayMessage":false,"stepsCount":0,"attachmentsCount":0,"hasContent":false},{"name":"driver","time":{"start":1714129471250,"stop":1714129472416,"duration":1166},"status":"passed","steps":[],"attachments":[],"parameters":[],"shouldDisplayMessage":false,"stepsCount":0,"attachmentsCount":0,"hasContent":false},{"name":"tmp_path","time":{"start":1714129471250,"stop":1714129471250,"duration":0},"status":"passed","steps":[],"attachments":[],"parameters":[],"shouldDisplayMessage":false,"stepsCount":0,"attachmentsCount":0,"hasContent":false},{"name":"setup","time":{"start":1714129472417,"stop":1714129472946,"duration":529},"status":"passed","steps":[],"attachments":[],"parameters":[],"shouldDisplayMessage":false,"stepsCount":0,"attachmentsCount":0,"hasContent":false},{"name":"environment_allure","time":{"start":1714129472417,"stop":1714129472417,"duration":0},"status":"passed","steps":[],"attachments":[],"parameters":[],"shouldDisplayMessage":false,"stepsCount":0,"attachmentsCount":0,"hasContent":false}],"testStage":{"status":"broken","statusMessage":"selenium.common.exceptions.MoveTargetOutOfBoundsException: Message: Move target (619, 710) is out of bounds of viewport dimensions (1366, 635)\nStacktrace:\nRemoteError@chrome://remote/content/shared/RemoteError.sys.mjs:8:8\nWebDriverError@chrome://remote/content/shared/webdriver/Errors.sys.mjs:193:5\nMoveTargetOutOfBoundsError@chrome://remote/content/shared/webdriver/Errors.sys.mjs:479:5\nassertInViewPort@chrome://remote/content/shared/webdriver/Actions.sys.mjs:2338:11\ndispatch@chrome://remote/content/shared/webdriver/Actions.sys.mjs:1144:21\ndispatch/pendingEvents<@chrome://remote/content/shared/webdriver/Actions.sys.mjs:2010:14\ndispatch@chrome://remote/content/shared/webdriver/Actions.sys.mjs:2009:39\ndispatch/chainEvents<@chrome://remote/content/shared/webdriver/Actions.sys.mjs:1920:27","statusTrace":"self = <test_interactions.TestInteractions object at 0x7f398665eed0>, top = 90\nleft = 70\n\n    @allure.title(\"Axis restriction with height: {top} and width: {left}\")\n    @pytest.mark.parametrize(\"top, left\", [(50, 40), (90, 70), (130, 130)])\n    def test_axis_restricted(self, top, left):\n        self.dragabble.open()\n        self.dragabble.is_opened()\n        self.dragabble.click_button_axis_restriction()\n>       self.dragabble.check_moving_x(top, left)\n\ntests/test_interactions.py:120: \n_ _ _ _ _ _ _ _ _ _ _ _ _ _ _ _ _ _ _ _ _ _ _ _ _ _ _ _ _ _ _ _ _ _ _ _ _ _ _ _ \npages/interactions/dragabble.py:59: in check_moving_x\n    self.action.drag_and_drop_by_offset(drag, left, top).perform()\n/opt/hostedtoolcache/Python/3.12.3/x64/lib/python3.12/site-packages/selenium/webdriver/common/action_chains.py:94: in perform\n    self.w3c_actions.perform()\n/opt/hostedtoolcache/Python/3.12.3/x64/lib/python3.12/site-packages/selenium/webdriver/common/actions/action_builder.py:96: in perform\n    self.driver.execute(Command.W3C_ACTIONS, enc)\n/opt/hostedtoolcache/Python/3.12.3/x64/lib/python3.12/site-packages/selenium/webdriver/remote/webdriver.py:347: in execute\n    self.error_handler.check_response(response)\n_ _ _ _ _ _ _ _ _ _ _ _ _ _ _ _ _ _ _ _ _ _ _ _ _ _ _ _ _ _ _ _ _ _ _ _ _ _ _ _ \n\nself = <selenium.webdriver.remote.errorhandler.ErrorHandler object at 0x7f398653fc50>\nresponse = {'status': 500, 'value': '{\"value\":{\"error\":\"move target out of bounds\",\"message\":\"Move target (619, 710) is out of bo...ctions.sys.mjs:2009:39\\\\ndispatch/chainEvents<@chrome://remote/content/shared/webdriver/Actions.sys.mjs:1920:27\\\\n\"}}'}\n\n    def check_response(self, response: Dict[str, Any]) -> None:\n        \"\"\"Checks that a JSON response from the WebDriver does not have an\n        error.\n    \n        :Args:\n         - response - The JSON response from the WebDriver server as a dictionary\n           object.\n    \n        :Raises: If the response contains an error message.\n        \"\"\"\n        status = response.get(\"status\", None)\n        if not status or status == ErrorCode.SUCCESS:\n            return\n        value = None\n        message = response.get(\"message\", \"\")\n        screen: str = response.get(\"screen\", \"\")\n        stacktrace = None\n        if isinstance(status, int):\n            value_json = response.get(\"value\", None)\n            if value_json and isinstance(value_json, str):\n                import json\n    \n                try:\n                    value = json.loads(value_json)\n                    if len(value) == 1:\n                        value = value[\"value\"]\n                    status = value.get(\"error\", None)\n                    if not status:\n                        status = value.get(\"status\", ErrorCode.UNKNOWN_ERROR)\n                        message = value.get(\"value\") or value.get(\"message\")\n                        if not isinstance(message, str):\n                            value = message\n                            message = message.get(\"message\")\n                    else:\n                        message = value.get(\"message\", None)\n                except ValueError:\n                    pass\n    \n        exception_class: Type[WebDriverException]\n        e = ErrorCode()\n        error_codes = [item for item in dir(e) if not item.startswith(\"__\")]\n        for error_code in error_codes:\n            error_info = getattr(ErrorCode, error_code)\n            if isinstance(error_info, list) and status in error_info:\n                exception_class = getattr(ExceptionMapping, error_code, WebDriverException)\n                break\n        else:\n            exception_class = WebDriverException\n    \n        if not value:\n            value = response[\"value\"]\n        if isinstance(value, str):\n            raise exception_class(value)\n        if message == \"\" and \"message\" in value:\n            message = value[\"message\"]\n    \n        screen = None  # type: ignore[assignment]\n        if \"screen\" in value:\n            screen = value[\"screen\"]\n    \n        stacktrace = None\n        st_value = value.get(\"stackTrace\") or value.get(\"stacktrace\")\n        if st_value:\n            if isinstance(st_value, str):\n                stacktrace = st_value.split(\"\\n\")\n            else:\n                stacktrace = []\n                try:\n                    for frame in st_value:\n                        line = frame.get(\"lineNumber\", \"\")\n                        file = frame.get(\"fileName\", \"<anonymous>\")\n                        if line:\n                            file = f\"{file}:{line}\"\n                        meth = frame.get(\"methodName\", \"<anonymous>\")\n                        if \"className\" in frame:\n                            meth = f\"{frame['className']}.{meth}\"\n                        msg = \"    at %s (%s)\"\n                        msg = msg % (meth, file)\n                        stacktrace.append(msg)\n                except TypeError:\n                    pass\n        if exception_class == UnexpectedAlertPresentException:\n            alert_text = None\n            if \"data\" in value:\n                alert_text = value[\"data\"].get(\"text\")\n            elif \"alert\" in value:\n                alert_text = value[\"alert\"].get(\"text\")\n            raise exception_class(message, screen, stacktrace, alert_text)  # type: ignore[call-arg]  # mypy is not smart enough here\n>       raise exception_class(message, screen, stacktrace)\nE       selenium.common.exceptions.MoveTargetOutOfBoundsException: Message: Move target (619, 710) is out of bounds of viewport dimensions (1366, 635)\nE       Stacktrace:\nE       RemoteError@chrome://remote/content/shared/RemoteError.sys.mjs:8:8\nE       WebDriverError@chrome://remote/content/shared/webdriver/Errors.sys.mjs:193:5\nE       MoveTargetOutOfBoundsError@chrome://remote/content/shared/webdriver/Errors.sys.mjs:479:5\nE       assertInViewPort@chrome://remote/content/shared/webdriver/Actions.sys.mjs:2338:11\nE       dispatch@chrome://remote/content/shared/webdriver/Actions.sys.mjs:1144:21\nE       dispatch/pendingEvents<@chrome://remote/content/shared/webdriver/Actions.sys.mjs:2010:14\nE       dispatch@chrome://remote/content/shared/webdriver/Actions.sys.mjs:2009:39\nE       dispatch/chainEvents<@chrome://remote/content/shared/webdriver/Actions.sys.mjs:1920:27\n\n/opt/hostedtoolcache/Python/3.12.3/x64/lib/python3.12/site-packages/selenium/webdriver/remote/errorhandler.py:229: MoveTargetOutOfBoundsException","steps":[{"name":"Open URL","time":{"start":1714129472947,"stop":1714129475313,"duration":2366},"status":"passed","steps":[],"attachments":[],"parameters":[],"shouldDisplayMessage":false,"stepsCount":0,"attachmentsCount":0,"hasContent":false},{"name":"Check is opened URL","time":{"start":1714129475313,"stop":1714129475315,"duration":2},"status":"passed","steps":[],"attachments":[],"parameters":[],"shouldDisplayMessage":false,"stepsCount":0,"attachmentsCount":0,"hasContent":false},{"name":"Click button axis restriction","time":{"start":1714129475315,"stop":1714129475576,"duration":261},"status":"passed","steps":[],"attachments":[],"parameters":[],"shouldDisplayMessage":false,"stepsCount":0,"attachmentsCount":0,"hasContent":false},{"name":"Checking the position after dragging 'drag' X","time":{"start":1714129475576,"stop":1714129475938,"duration":362},"status":"broken","statusMessage":"selenium.common.exceptions.MoveTargetOutOfBoundsException: Message: Move target (619, 710) is out of bounds of viewport dimensions (1366, 635)\nStacktrace:\nRemoteError@chrome://remote/content/shared/RemoteError.sys.mjs:8:8\nWebDriverError@chrome://remote/content/shared/webdriver/Errors.sys.mjs:193:5\nMoveTargetOutOfBoundsError@chrome://remote/content/shared/webdriver/Errors.sys.mjs:479:5\nassertInViewPort@chrome://remote/content/shared/webdriver/Actions.sys.mjs:2338:11\ndispatch@chrome://remote/content/shared/webdriver/Actions.sys.mjs:1144:21\ndispatch/pendingEvents<@chrome://remote/content/shared/webdriver/Actions.sys.mjs:2010:14\ndispatch@chrome://remote/content/shared/webdriver/Actions.sys.mjs:2009:39\ndispatch/chainEvents<@chrome://remote/content/shared/webdriver/Actions.sys.mjs:1920:27\n\n","statusTrace":"  File \"/opt/hostedtoolcache/Python/3.12.3/x64/lib/python3.12/site-packages/allure_commons/_allure.py\", line 192, in impl\n    return func(*a, **kw)\n           ^^^^^^^^^^^^^^\n  File \"/home/runner/work/demoqa_ui/demoqa_ui/pages/interactions/dragabble.py\", line 59, in check_moving_x\n    self.action.drag_and_drop_by_offset(drag, left, top).perform()\n  File \"/opt/hostedtoolcache/Python/3.12.3/x64/lib/python3.12/site-packages/selenium/webdriver/common/action_chains.py\", line 94, in perform\n    self.w3c_actions.perform()\n  File \"/opt/hostedtoolcache/Python/3.12.3/x64/lib/python3.12/site-packages/selenium/webdriver/common/actions/action_builder.py\", line 96, in perform\n    self.driver.execute(Command.W3C_ACTIONS, enc)\n  File \"/opt/hostedtoolcache/Python/3.12.3/x64/lib/python3.12/site-packages/selenium/webdriver/remote/webdriver.py\", line 347, in execute\n    self.error_handler.check_response(response)\n  File \"/opt/hostedtoolcache/Python/3.12.3/x64/lib/python3.12/site-packages/selenium/webdriver/remote/errorhandler.py\", line 229, in check_response\n    raise exception_class(message, screen, stacktrace)\n","steps":[{"name":"Position determination","time":{"start":1714129475647,"stop":1714129475675,"duration":28},"status":"passed","steps":[],"attachments":[],"parameters":[{"name":"drag","value":"<selenium.webdriver.remote.webelement.WebElement (session=\"e576eb0a-e753-4bd4-b83c-dc2ee2e9fa7c\", element=\"eaac94ac-cd63-4184-bd1e-102a68e387d0\")>"}],"shouldDisplayMessage":false,"stepsCount":0,"attachmentsCount":0,"hasContent":true}],"attachments":[],"parameters":[{"name":"top","value":"90"},{"name":"left","value":"70"}],"shouldDisplayMessage":true,"stepsCount":1,"attachmentsCount":0,"hasContent":true}],"attachments":[],"parameters":[],"shouldDisplayMessage":true,"stepsCount":5,"attachmentsCount":0,"hasContent":true},"afterStages":[{"name":"driver::0","time":{"start":1714129475983,"stop":1714129476771,"duration":788},"status":"passed","steps":[],"attachments":[{"uid":"7ff087c25c48bb3f","name":"test_axis_restricted[90-70].png","source":"7ff087c25c48bb3f.png","type":"image/png","size":470921}],"parameters":[],"shouldDisplayMessage":false,"stepsCount":0,"attachmentsCount":1,"hasContent":true},{"name":"tmp_path::0","time":{"start":1714129476772,"stop":1714129476772,"duration":0},"status":"passed","steps":[],"attachments":[],"parameters":[],"shouldDisplayMessage":false,"stepsCount":0,"attachmentsCount":0,"hasContent":false}],"labels":[{"name":"feature","value":"Interactions"},{"name":"parentSuite","value":"tests"},{"name":"suite","value":"test_interactions"},{"name":"subSuite","value":"TestInteractions"},{"name":"host","value":"fv-az740-961"},{"name":"thread","value":"2844-MainThread"},{"name":"framework","value":"pytest"},{"name":"language","value":"cpython3"},{"name":"package","value":"tests.test_interactions"},{"name":"resultFormat","value":"allure2"}],"parameters":[{"name":"left","value":"70"},{"name":"top","value":"90"}],"links":[],"hidden":false,"retry":false,"extra":{"severity":"normal","retries":[],"categories":[{"name":"Test defects","matchedStatuses":[],"flaky":false}],"history":{"statistic":{"failed":0,"broken":1,"skipped":0,"passed":1,"unknown":0,"total":2},"items":[{"uid":"23726be3a57d3e86","status":"passed","time":{"start":1714128228190,"stop":1714128231686,"duration":3496}}]},"tags":[]},"source":"1f4694e8a88cbc64.json","parameterValues":["70","90"]}