{"uid":"811b2998795c1992","name":"Drop drag prevent propagation","fullName":"tests.test_interactions.TestInteractions#test_prevent_propagation","historyId":"4a958e5609d109b30d2670fa4bbac31d","time":{"start":1714128092547,"stop":1714128102869,"duration":10322},"status":"broken","statusMessage":"selenium.common.exceptions.TimeoutException: Message: \nStacktrace:\n#0 0x559d2625ce33 <unknown>\n#1 0x559d25f4c567 <unknown>\n#2 0x559d25f9727d <unknown>\n#3 0x559d25f97331 <unknown>\n#4 0x559d25fda624 <unknown>\n#5 0x559d25fb938d <unknown>\n#6 0x559d25fd7ae2 <unknown>\n#7 0x559d25fb9103 <unknown>\n#8 0x559d25f8a1ba <unknown>\n#9 0x559d25f8ab8e <unknown>\n#10 0x559d2622159b <unknown>\n#11 0x559d2622534b <unknown>\n#12 0x559d2620d681 <unknown>\n#13 0x559d26225eb2 <unknown>\n#14 0x559d261f26af <unknown>\n#15 0x559d2624c428 <unknown>\n#16 0x559d2624c600 <unknown>\n#17 0x559d2625bf84 <unknown>\n#18 0x7f1354094ac3 <unknown>","statusTrace":"self = <test_interactions.TestInteractions object at 0x7f55d712ea20>\n\n    @allure.title(\"Drop drag prevent propagation\")\n    def test_prevent_propagation(self):\n        self.droppable.open()\n        self.droppable.is_opened()\n        self.droppable.click_prevent_propagation()\n>       self.droppable.drop_object_not_greedy()\n\ntests/test_interactions.py:88: \n_ _ _ _ _ _ _ _ _ _ _ _ _ _ _ _ _ _ _ _ _ _ _ _ _ _ _ _ _ _ _ _ _ _ _ _ _ _ _ _ \npages/interactions/droppable.py:102: in drop_object_not_greedy\n    self.wait.until(EC.visibility_of_element_located(self.DROP_ACTIV_NOT_GREEDY))\n_ _ _ _ _ _ _ _ _ _ _ _ _ _ _ _ _ _ _ _ _ _ _ _ _ _ _ _ _ _ _ _ _ _ _ _ _ _ _ _ \n\nself = <selenium.webdriver.support.wait.WebDriverWait (session=\"3e76536ac7a9d870a4744715d965e751\")>\nmethod = <function visibility_of_element_located.<locals>._predicate at 0x7f55d71cb7e0>\nmessage = ''\n\n    def until(self, method: Callable[[D], Union[Literal[False], T]], message: str = \"\") -> T:\n        \"\"\"Calls the method provided with the driver as an argument until the \\\n        return value does not evaluate to ``False``.\n    \n        :param method: callable(WebDriver)\n        :param message: optional message for :exc:`TimeoutException`\n        :returns: the result of the last call to `method`\n        :raises: :exc:`selenium.common.exceptions.TimeoutException` if timeout occurs\n        \"\"\"\n        screen = None\n        stacktrace = None\n    \n        end_time = time.monotonic() + self._timeout\n        while True:\n            try:\n                value = method(self._driver)\n                if value:\n                    return value\n            except self._ignored_exceptions as exc:\n                screen = getattr(exc, \"screen\", None)\n                stacktrace = getattr(exc, \"stacktrace\", None)\n            time.sleep(self._poll)\n            if time.monotonic() > end_time:\n                break\n>       raise TimeoutException(message, screen, stacktrace)\nE       selenium.common.exceptions.TimeoutException: Message: \nE       Stacktrace:\nE       #0 0x559d2625ce33 <unknown>\nE       #1 0x559d25f4c567 <unknown>\nE       #2 0x559d25f9727d <unknown>\nE       #3 0x559d25f97331 <unknown>\nE       #4 0x559d25fda624 <unknown>\nE       #5 0x559d25fb938d <unknown>\nE       #6 0x559d25fd7ae2 <unknown>\nE       #7 0x559d25fb9103 <unknown>\nE       #8 0x559d25f8a1ba <unknown>\nE       #9 0x559d25f8ab8e <unknown>\nE       #10 0x559d2622159b <unknown>\nE       #11 0x559d2622534b <unknown>\nE       #12 0x559d2620d681 <unknown>\nE       #13 0x559d26225eb2 <unknown>\nE       #14 0x559d261f26af <unknown>\nE       #15 0x559d2624c428 <unknown>\nE       #16 0x559d2624c600 <unknown>\nE       #17 0x559d2625bf84 <unknown>\nE       #18 0x7f1354094ac3 <unknown>\n\n/opt/hostedtoolcache/Python/3.12.3/x64/lib/python3.12/site-packages/selenium/webdriver/support/wait.py:105: TimeoutException","flaky":false,"newFailed":false,"newBroken":false,"newPassed":false,"retriesCount":0,"retriesStatusChange":false,"beforeStages":[{"name":"_session_faker","time":{"start":1714127972493,"stop":1714127972509,"duration":16},"status":"passed","steps":[],"attachments":[],"parameters":[],"shouldDisplayMessage":false,"stepsCount":0,"attachmentsCount":0,"hasContent":false},{"name":"tmp_path_factory","time":{"start":1714127972509,"stop":1714127972509,"duration":0},"status":"passed","steps":[],"attachments":[],"parameters":[],"shouldDisplayMessage":false,"stepsCount":0,"attachmentsCount":0,"hasContent":false},{"name":"tmp_path","time":{"start":1714128091926,"stop":1714128091926,"duration":0},"status":"passed","steps":[],"attachments":[],"parameters":[],"shouldDisplayMessage":false,"stepsCount":0,"attachmentsCount":0,"hasContent":false},{"name":"driver","time":{"start":1714128091927,"stop":1714128092112,"duration":185},"status":"passed","steps":[],"attachments":[],"parameters":[],"shouldDisplayMessage":false,"stepsCount":0,"attachmentsCount":0,"hasContent":false},{"name":"tmpdir","time":{"start":1714128091927,"stop":1714128091927,"duration":0},"status":"passed","steps":[],"attachments":[],"parameters":[],"shouldDisplayMessage":false,"stepsCount":0,"attachmentsCount":0,"hasContent":false},{"name":"environment_allure","time":{"start":1714128092112,"stop":1714128092112,"duration":0},"status":"passed","steps":[],"attachments":[],"parameters":[],"shouldDisplayMessage":false,"stepsCount":0,"attachmentsCount":0,"hasContent":false},{"name":"setup","time":{"start":1714128092113,"stop":1714128092547,"duration":434},"status":"passed","steps":[],"attachments":[],"parameters":[],"shouldDisplayMessage":false,"stepsCount":0,"attachmentsCount":0,"hasContent":false}],"testStage":{"status":"broken","statusMessage":"selenium.common.exceptions.TimeoutException: Message: \nStacktrace:\n#0 0x559d2625ce33 <unknown>\n#1 0x559d25f4c567 <unknown>\n#2 0x559d25f9727d <unknown>\n#3 0x559d25f97331 <unknown>\n#4 0x559d25fda624 <unknown>\n#5 0x559d25fb938d <unknown>\n#6 0x559d25fd7ae2 <unknown>\n#7 0x559d25fb9103 <unknown>\n#8 0x559d25f8a1ba <unknown>\n#9 0x559d25f8ab8e <unknown>\n#10 0x559d2622159b <unknown>\n#11 0x559d2622534b <unknown>\n#12 0x559d2620d681 <unknown>\n#13 0x559d26225eb2 <unknown>\n#14 0x559d261f26af <unknown>\n#15 0x559d2624c428 <unknown>\n#16 0x559d2624c600 <unknown>\n#17 0x559d2625bf84 <unknown>\n#18 0x7f1354094ac3 <unknown>","statusTrace":"self = <test_interactions.TestInteractions object at 0x7f55d712ea20>\n\n    @allure.title(\"Drop drag prevent propagation\")\n    def test_prevent_propagation(self):\n        self.droppable.open()\n        self.droppable.is_opened()\n        self.droppable.click_prevent_propagation()\n>       self.droppable.drop_object_not_greedy()\n\ntests/test_interactions.py:88: \n_ _ _ _ _ _ _ _ _ _ _ _ _ _ _ _ _ _ _ _ _ _ _ _ _ _ _ _ _ _ _ _ _ _ _ _ _ _ _ _ \npages/interactions/droppable.py:102: in drop_object_not_greedy\n    self.wait.until(EC.visibility_of_element_located(self.DROP_ACTIV_NOT_GREEDY))\n_ _ _ _ _ _ _ _ _ _ _ _ _ _ _ _ _ _ _ _ _ _ _ _ _ _ _ _ _ _ _ _ _ _ _ _ _ _ _ _ \n\nself = <selenium.webdriver.support.wait.WebDriverWait (session=\"3e76536ac7a9d870a4744715d965e751\")>\nmethod = <function visibility_of_element_located.<locals>._predicate at 0x7f55d71cb7e0>\nmessage = ''\n\n    def until(self, method: Callable[[D], Union[Literal[False], T]], message: str = \"\") -> T:\n        \"\"\"Calls the method provided with the driver as an argument until the \\\n        return value does not evaluate to ``False``.\n    \n        :param method: callable(WebDriver)\n        :param message: optional message for :exc:`TimeoutException`\n        :returns: the result of the last call to `method`\n        :raises: :exc:`selenium.common.exceptions.TimeoutException` if timeout occurs\n        \"\"\"\n        screen = None\n        stacktrace = None\n    \n        end_time = time.monotonic() + self._timeout\n        while True:\n            try:\n                value = method(self._driver)\n                if value:\n                    return value\n            except self._ignored_exceptions as exc:\n                screen = getattr(exc, \"screen\", None)\n                stacktrace = getattr(exc, \"stacktrace\", None)\n            time.sleep(self._poll)\n            if time.monotonic() > end_time:\n                break\n>       raise TimeoutException(message, screen, stacktrace)\nE       selenium.common.exceptions.TimeoutException: Message: \nE       Stacktrace:\nE       #0 0x559d2625ce33 <unknown>\nE       #1 0x559d25f4c567 <unknown>\nE       #2 0x559d25f9727d <unknown>\nE       #3 0x559d25f97331 <unknown>\nE       #4 0x559d25fda624 <unknown>\nE       #5 0x559d25fb938d <unknown>\nE       #6 0x559d25fd7ae2 <unknown>\nE       #7 0x559d25fb9103 <unknown>\nE       #8 0x559d25f8a1ba <unknown>\nE       #9 0x559d25f8ab8e <unknown>\nE       #10 0x559d2622159b <unknown>\nE       #11 0x559d2622534b <unknown>\nE       #12 0x559d2620d681 <unknown>\nE       #13 0x559d26225eb2 <unknown>\nE       #14 0x559d261f26af <unknown>\nE       #15 0x559d2624c428 <unknown>\nE       #16 0x559d2624c600 <unknown>\nE       #17 0x559d2625bf84 <unknown>\nE       #18 0x7f1354094ac3 <unknown>\n\n/opt/hostedtoolcache/Python/3.12.3/x64/lib/python3.12/site-packages/selenium/webdriver/support/wait.py:105: TimeoutException","steps":[{"name":"Open URL","time":{"start":1714128092547,"stop":1714128093958,"duration":1411},"status":"passed","steps":[],"attachments":[],"parameters":[],"shouldDisplayMessage":false,"stepsCount":0,"attachmentsCount":0,"hasContent":false},{"name":"Check is opened URL","time":{"start":1714128093958,"stop":1714128093962,"duration":4},"status":"passed","steps":[],"attachments":[],"parameters":[],"shouldDisplayMessage":false,"stepsCount":0,"attachmentsCount":0,"hasContent":false},{"name":"Click prevent propagation","time":{"start":1714128093962,"stop":1714128094018,"duration":56},"status":"passed","steps":[],"attachments":[],"parameters":[],"shouldDisplayMessage":false,"stepsCount":0,"attachmentsCount":0,"hasContent":false},{"name":"Drag and drop not greedy","time":{"start":1714128094018,"stop":1714128102868,"duration":8850},"status":"broken","statusMessage":"selenium.common.exceptions.TimeoutException: Message: \nStacktrace:\n#0 0x559d2625ce33 <unknown>\n#1 0x559d25f4c567 <unknown>\n#2 0x559d25f9727d <unknown>\n#3 0x559d25f97331 <unknown>\n#4 0x559d25fda624 <unknown>\n#5 0x559d25fb938d <unknown>\n#6 0x559d25fd7ae2 <unknown>\n#7 0x559d25fb9103 <unknown>\n#8 0x559d25f8a1ba <unknown>\n#9 0x559d25f8ab8e <unknown>\n#10 0x559d2622159b <unknown>\n#11 0x559d2622534b <unknown>\n#12 0x559d2620d681 <unknown>\n#13 0x559d26225eb2 <unknown>\n#14 0x559d261f26af <unknown>\n#15 0x559d2624c428 <unknown>\n#16 0x559d2624c600 <unknown>\n#17 0x559d2625bf84 <unknown>\n#18 0x7f1354094ac3 <unknown>\n\n","statusTrace":"  File \"/opt/hostedtoolcache/Python/3.12.3/x64/lib/python3.12/site-packages/allure_commons/_allure.py\", line 192, in impl\n    return func(*a, **kw)\n           ^^^^^^^^^^^^^^\n  File \"/home/runner/work/demoqa_ui/demoqa_ui/pages/interactions/droppable.py\", line 102, in drop_object_not_greedy\n    self.wait.until(EC.visibility_of_element_located(self.DROP_ACTIV_NOT_GREEDY))\n  File \"/opt/hostedtoolcache/Python/3.12.3/x64/lib/python3.12/site-packages/selenium/webdriver/support/wait.py\", line 105, in until\n    raise TimeoutException(message, screen, stacktrace)\n","steps":[],"attachments":[],"parameters":[],"shouldDisplayMessage":true,"stepsCount":0,"attachmentsCount":0,"hasContent":true}],"attachments":[],"parameters":[],"shouldDisplayMessage":true,"stepsCount":4,"attachmentsCount":0,"hasContent":true},"afterStages":[{"name":"driver::0","time":{"start":1714128102880,"stop":1714128103181,"duration":301},"status":"passed","steps":[],"attachments":[{"uid":"418522fe567b1f05","name":"test_prevent_propagation.png","source":"418522fe567b1f05.png","type":"image/png","size":795420}],"parameters":[],"shouldDisplayMessage":false,"stepsCount":0,"attachmentsCount":1,"hasContent":true},{"name":"tmp_path::0","time":{"start":1714128103182,"stop":1714128103182,"duration":0},"status":"passed","steps":[],"attachments":[],"parameters":[],"shouldDisplayMessage":false,"stepsCount":0,"attachmentsCount":0,"hasContent":false}],"labels":[{"name":"feature","value":"Interactions"},{"name":"parentSuite","value":"tests"},{"name":"suite","value":"test_interactions"},{"name":"subSuite","value":"TestInteractions"},{"name":"host","value":"fv-az1530-40"},{"name":"thread","value":"1942-MainThread"},{"name":"framework","value":"pytest"},{"name":"language","value":"cpython3"},{"name":"package","value":"tests.test_interactions"},{"name":"resultFormat","value":"allure2"}],"parameters":[],"links":[],"hidden":false,"retry":false,"extra":{"severity":"normal","retries":[],"categories":[{"name":"Test defects","matchedStatuses":[],"flaky":false}],"tags":[]},"source":"811b2998795c1992.json","parameterValues":[]}