{"uid":"9dc45225b02ca560","name":"Auto Complete","fullName":"tests.test_widgets.TestWidgets#test_auto_complete","historyId":"488687a6d30c7fa6f144a1795499dc9e","time":{"start":1712916166201,"stop":1712916177058,"duration":10857},"status":"broken","statusMessage":"selenium.common.exceptions.TimeoutException: Message:","statusTrace":"self = <test_widgets.TestWidgets object at 0x7fea9d6c90a0>\n\n    @allure.title(\"Auto Complete\")\n    def test_auto_complete(self):\n        self.auto_complete.open()\n        self.auto_complete.is_opened()\n        self.auto_complete.check_multiple_empty()\n>       self.auto_complete.input_in_multiple()\n\ntests/test_widgets.py:21: \n_ _ _ _ _ _ _ _ _ _ _ _ _ _ _ _ _ _ _ _ _ _ _ _ _ _ _ _ _ _ _ _ _ _ _ _ _ _ _ _ \npages/widgets/auto_complete.py:37: in input_in_multiple\n    self.wait.until(EC.visibility_of_element_located(self.COLOR_IN_MULTIPLE(color)))\n_ _ _ _ _ _ _ _ _ _ _ _ _ _ _ _ _ _ _ _ _ _ _ _ _ _ _ _ _ _ _ _ _ _ _ _ _ _ _ _ \n\nself = <selenium.webdriver.support.wait.WebDriverWait (session=\"abc6649a-f899-484c-8660-ea2b6e7513d9\")>\nmethod = <function visibility_of_element_located.<locals>._predicate at 0x7fea9d986660>\nmessage = ''\n\n    def until(self, method: Callable[[D], Union[Literal[False], T]], message: str = \"\") -> T:\n        \"\"\"Calls the method provided with the driver as an argument until the \\\n        return value does not evaluate to ``False``.\n    \n        :param method: callable(WebDriver)\n        :param message: optional message for :exc:`TimeoutException`\n        :returns: the result of the last call to `method`\n        :raises: :exc:`selenium.common.exceptions.TimeoutException` if timeout occurs\n        \"\"\"\n        screen = None\n        stacktrace = None\n    \n        end_time = time.monotonic() + self._timeout\n        while True:\n            try:\n                value = method(self._driver)\n                if value:\n                    return value\n            except self._ignored_exceptions as exc:\n                screen = getattr(exc, \"screen\", None)\n                stacktrace = getattr(exc, \"stacktrace\", None)\n            time.sleep(self._poll)\n            if time.monotonic() > end_time:\n                break\n>       raise TimeoutException(message, screen, stacktrace)\nE       selenium.common.exceptions.TimeoutException: Message:\n\n/opt/hostedtoolcache/Python/3.12.2/x64/lib/python3.12/site-packages/selenium/webdriver/support/wait.py:105: TimeoutException","flaky":false,"newFailed":false,"newBroken":false,"newPassed":false,"retriesCount":0,"retriesStatusChange":false,"beforeStages":[{"name":"_session_faker","time":{"start":1712915917039,"stop":1712915917056,"duration":17},"status":"passed","steps":[],"attachments":[],"parameters":[],"shouldDisplayMessage":false,"stepsCount":0,"attachmentsCount":0,"hasContent":false},{"name":"tmp_path_factory","time":{"start":1712915917057,"stop":1712915917057,"duration":0},"status":"passed","steps":[],"attachments":[],"parameters":[],"shouldDisplayMessage":false,"stepsCount":0,"attachmentsCount":0,"hasContent":false},{"name":"tmp_path","time":{"start":1712916164430,"stop":1712916164431,"duration":1},"status":"passed","steps":[],"attachments":[],"parameters":[],"shouldDisplayMessage":false,"stepsCount":0,"attachmentsCount":0,"hasContent":false},{"name":"driver","time":{"start":1712916164431,"stop":1712916165666,"duration":1235},"status":"passed","steps":[],"attachments":[],"parameters":[],"shouldDisplayMessage":false,"stepsCount":0,"attachmentsCount":0,"hasContent":false},{"name":"tmpdir","time":{"start":1712916164431,"stop":1712916164431,"duration":0},"status":"passed","steps":[],"attachments":[],"parameters":[],"shouldDisplayMessage":false,"stepsCount":0,"attachmentsCount":0,"hasContent":false},{"name":"environment_allure","time":{"start":1712916165666,"stop":1712916165666,"duration":0},"status":"passed","steps":[],"attachments":[],"parameters":[],"shouldDisplayMessage":false,"stepsCount":0,"attachmentsCount":0,"hasContent":false},{"name":"setup","time":{"start":1712916165667,"stop":1712916166200,"duration":533},"status":"passed","steps":[],"attachments":[],"parameters":[],"shouldDisplayMessage":false,"stepsCount":0,"attachmentsCount":0,"hasContent":false}],"testStage":{"status":"broken","statusMessage":"selenium.common.exceptions.TimeoutException: Message:","statusTrace":"self = <test_widgets.TestWidgets object at 0x7fea9d6c90a0>\n\n    @allure.title(\"Auto Complete\")\n    def test_auto_complete(self):\n        self.auto_complete.open()\n        self.auto_complete.is_opened()\n        self.auto_complete.check_multiple_empty()\n>       self.auto_complete.input_in_multiple()\n\ntests/test_widgets.py:21: \n_ _ _ _ _ _ _ _ _ _ _ _ _ _ _ _ _ _ _ _ _ _ _ _ _ _ _ _ _ _ _ _ _ _ _ _ _ _ _ _ \npages/widgets/auto_complete.py:37: in input_in_multiple\n    self.wait.until(EC.visibility_of_element_located(self.COLOR_IN_MULTIPLE(color)))\n_ _ _ _ _ _ _ _ _ _ _ _ _ _ _ _ _ _ _ _ _ _ _ _ _ _ _ _ _ _ _ _ _ _ _ _ _ _ _ _ \n\nself = <selenium.webdriver.support.wait.WebDriverWait (session=\"abc6649a-f899-484c-8660-ea2b6e7513d9\")>\nmethod = <function visibility_of_element_located.<locals>._predicate at 0x7fea9d986660>\nmessage = ''\n\n    def until(self, method: Callable[[D], Union[Literal[False], T]], message: str = \"\") -> T:\n        \"\"\"Calls the method provided with the driver as an argument until the \\\n        return value does not evaluate to ``False``.\n    \n        :param method: callable(WebDriver)\n        :param message: optional message for :exc:`TimeoutException`\n        :returns: the result of the last call to `method`\n        :raises: :exc:`selenium.common.exceptions.TimeoutException` if timeout occurs\n        \"\"\"\n        screen = None\n        stacktrace = None\n    \n        end_time = time.monotonic() + self._timeout\n        while True:\n            try:\n                value = method(self._driver)\n                if value:\n                    return value\n            except self._ignored_exceptions as exc:\n                screen = getattr(exc, \"screen\", None)\n                stacktrace = getattr(exc, \"stacktrace\", None)\n            time.sleep(self._poll)\n            if time.monotonic() > end_time:\n                break\n>       raise TimeoutException(message, screen, stacktrace)\nE       selenium.common.exceptions.TimeoutException: Message:\n\n/opt/hostedtoolcache/Python/3.12.2/x64/lib/python3.12/site-packages/selenium/webdriver/support/wait.py:105: TimeoutException","steps":[{"name":"Open URL","time":{"start":1712916166201,"stop":1712916168354,"duration":2153},"status":"passed","steps":[],"attachments":[],"parameters":[],"shouldDisplayMessage":false,"stepsCount":0,"attachmentsCount":0,"hasContent":false},{"name":"Check is opened URL","time":{"start":1712916168354,"stop":1712916168359,"duration":5},"status":"passed","steps":[],"attachments":[],"parameters":[],"shouldDisplayMessage":false,"stepsCount":0,"attachmentsCount":0,"hasContent":false},{"name":"Multiselect empty check","time":{"start":1712916168359,"stop":1712916168372,"duration":13},"status":"passed","steps":[{"name":"Selected colors in Multiselect","time":{"start":1712916168359,"stop":1712916168371,"duration":12},"status":"passed","steps":[],"attachments":[],"parameters":[],"shouldDisplayMessage":false,"stepsCount":0,"attachmentsCount":0,"hasContent":false}],"attachments":[],"parameters":[],"shouldDisplayMessage":false,"stepsCount":1,"attachmentsCount":0,"hasContent":true},{"name":"Set values in Multiselect","time":{"start":1712916168372,"stop":1712916177057,"duration":8685},"status":"broken","statusMessage":"selenium.common.exceptions.TimeoutException: Message: \n\n","statusTrace":"  File \"/opt/hostedtoolcache/Python/3.12.2/x64/lib/python3.12/site-packages/allure_commons/_allure.py\", line 192, in impl\n    return func(*a, **kw)\n           ^^^^^^^^^^^^^^\n  File \"/home/runner/work/demoqa_ui/demoqa_ui/pages/widgets/auto_complete.py\", line 37, in input_in_multiple\n    self.wait.until(EC.visibility_of_element_located(self.COLOR_IN_MULTIPLE(color)))\n  File \"/opt/hostedtoolcache/Python/3.12.2/x64/lib/python3.12/site-packages/selenium/webdriver/support/wait.py\", line 105, in until\n    raise TimeoutException(message, screen, stacktrace)\n","steps":[{"name":"Selected colors in Multiselect","time":{"start":1712916168667,"stop":1712916168706,"duration":39},"status":"passed","steps":[],"attachments":[],"parameters":[],"shouldDisplayMessage":false,"stepsCount":0,"attachmentsCount":0,"hasContent":false},{"name":"Selected colors in Multiselect","time":{"start":1712916168883,"stop":1712916168904,"duration":21},"status":"passed","steps":[],"attachments":[],"parameters":[],"shouldDisplayMessage":false,"stepsCount":0,"attachmentsCount":0,"hasContent":false}],"attachments":[],"parameters":[],"shouldDisplayMessage":true,"stepsCount":2,"attachmentsCount":0,"hasContent":true}],"attachments":[],"parameters":[],"shouldDisplayMessage":true,"stepsCount":7,"attachmentsCount":0,"hasContent":true},"afterStages":[{"name":"driver::0","time":{"start":1712916177066,"stop":1712916177762,"duration":696},"status":"passed","steps":[],"attachments":[{"uid":"29ba7eac46e82ec0","name":"test_auto_complete.png","source":"29ba7eac46e82ec0.png","type":"image/png","size":565584}],"parameters":[],"shouldDisplayMessage":false,"stepsCount":0,"attachmentsCount":1,"hasContent":true},{"name":"tmp_path::0","time":{"start":1712916177763,"stop":1712916177763,"duration":0},"status":"passed","steps":[],"attachments":[],"parameters":[],"shouldDisplayMessage":false,"stepsCount":0,"attachmentsCount":0,"hasContent":false}],"labels":[{"name":"feature","value":"Widgets"},{"name":"parentSuite","value":"tests"},{"name":"suite","value":"test_widgets"},{"name":"subSuite","value":"TestWidgets"},{"name":"host","value":"fv-az883-999"},{"name":"thread","value":"2875-MainThread"},{"name":"framework","value":"pytest"},{"name":"language","value":"cpython3"},{"name":"package","value":"tests.test_widgets"},{"name":"resultFormat","value":"allure2"}],"parameters":[],"links":[],"hidden":false,"retry":false,"extra":{"severity":"normal","retries":[],"categories":[{"name":"Test defects","matchedStatuses":[],"flaky":false}],"history":{"statistic":{"failed":0,"broken":2,"skipped":0,"passed":0,"unknown":0,"total":2},"items":[{"uid":"60d19dc18d029211","status":"broken","statusDetails":"selenium.common.exceptions.TimeoutException: Message:","time":{"start":1712915270281,"stop":1712915281699,"duration":11418}}]},"tags":[]},"source":"9dc45225b02ca560.json","parameterValues":[]}