{"uid":"ec249e6856dd2822","name":"Select menu","fullName":"tests.test_widgets.TestWidgets#test_select_menu","historyId":"39fb5742ff80993c7228bb7dfdcaf9cc","time":{"start":1714129589402,"stop":1714129597973,"duration":8571},"status":"broken","statusMessage":"selenium.common.exceptions.TimeoutException: Message: \nStacktrace:\n#0 0x5611bc87fe33 <unknown>\n#1 0x5611bc56f567 <unknown>\n#2 0x5611bc5ba27d <unknown>\n#3 0x5611bc5ba331 <unknown>\n#4 0x5611bc5fd624 <unknown>\n#5 0x5611bc5dc38d <unknown>\n#6 0x5611bc5faae2 <unknown>\n#7 0x5611bc5dc103 <unknown>\n#8 0x5611bc5ad1ba <unknown>\n#9 0x5611bc5adb8e <unknown>\n#10 0x5611bc84459b <unknown>\n#11 0x5611bc84834b <unknown>\n#12 0x5611bc830681 <unknown>\n#13 0x5611bc848eb2 <unknown>\n#14 0x5611bc8156af <unknown>\n#15 0x5611bc86f428 <unknown>\n#16 0x5611bc86f600 <unknown>\n#17 0x5611bc87ef84 <unknown>\n#18 0x7fcd04e94ac3 <unknown>","statusTrace":"self = <test_widgets.TestWidgets object at 0x7f541bf94980>\n\n    @allure.title(\"Select menu\")\n    def test_select_menu(self):\n        self.select_menu.open()\n        self.select_menu.is_opened()\n>       self.select_menu.check_dropdown_select_value()\n\ntests/test_widgets.py:72: \n_ _ _ _ _ _ _ _ _ _ _ _ _ _ _ _ _ _ _ _ _ _ _ _ _ _ _ _ _ _ _ _ _ _ _ _ _ _ _ _ \npages/widgets/select_menu.py:27: in check_dropdown_select_value\n    input = self.wait.until(EC.visibility_of_element_located(self.INPUT_SELECT_VALUE))\n_ _ _ _ _ _ _ _ _ _ _ _ _ _ _ _ _ _ _ _ _ _ _ _ _ _ _ _ _ _ _ _ _ _ _ _ _ _ _ _ \n\nself = <selenium.webdriver.support.wait.WebDriverWait (session=\"f116fd5bf0bf6f184cc65c17443910c9\")>\nmethod = <function visibility_of_element_located.<locals>._predicate at 0x7f541c07a200>\nmessage = ''\n\n    def until(self, method: Callable[[D], Union[Literal[False], T]], message: str = \"\") -> T:\n        \"\"\"Calls the method provided with the driver as an argument until the \\\n        return value does not evaluate to ``False``.\n    \n        :param method: callable(WebDriver)\n        :param message: optional message for :exc:`TimeoutException`\n        :returns: the result of the last call to `method`\n        :raises: :exc:`selenium.common.exceptions.TimeoutException` if timeout occurs\n        \"\"\"\n        screen = None\n        stacktrace = None\n    \n        end_time = time.monotonic() + self._timeout\n        while True:\n            try:\n                value = method(self._driver)\n                if value:\n                    return value\n            except self._ignored_exceptions as exc:\n                screen = getattr(exc, \"screen\", None)\n                stacktrace = getattr(exc, \"stacktrace\", None)\n            time.sleep(self._poll)\n            if time.monotonic() > end_time:\n                break\n>       raise TimeoutException(message, screen, stacktrace)\nE       selenium.common.exceptions.TimeoutException: Message: \nE       Stacktrace:\nE       #0 0x5611bc87fe33 <unknown>\nE       #1 0x5611bc56f567 <unknown>\nE       #2 0x5611bc5ba27d <unknown>\nE       #3 0x5611bc5ba331 <unknown>\nE       #4 0x5611bc5fd624 <unknown>\nE       #5 0x5611bc5dc38d <unknown>\nE       #6 0x5611bc5faae2 <unknown>\nE       #7 0x5611bc5dc103 <unknown>\nE       #8 0x5611bc5ad1ba <unknown>\nE       #9 0x5611bc5adb8e <unknown>\nE       #10 0x5611bc84459b <unknown>\nE       #11 0x5611bc84834b <unknown>\nE       #12 0x5611bc830681 <unknown>\nE       #13 0x5611bc848eb2 <unknown>\nE       #14 0x5611bc8156af <unknown>\nE       #15 0x5611bc86f428 <unknown>\nE       #16 0x5611bc86f600 <unknown>\nE       #17 0x5611bc87ef84 <unknown>\nE       #18 0x7fcd04e94ac3 <unknown>\n\n/opt/hostedtoolcache/Python/3.12.3/x64/lib/python3.12/site-packages/selenium/webdriver/support/wait.py:105: TimeoutException","flaky":false,"newFailed":false,"newBroken":true,"newPassed":false,"retriesCount":0,"retriesStatusChange":false,"beforeStages":[{"name":"_session_faker","time":{"start":1714129232147,"stop":1714129232164,"duration":17},"status":"passed","steps":[],"attachments":[],"parameters":[],"shouldDisplayMessage":false,"stepsCount":0,"attachmentsCount":0,"hasContent":false},{"name":"tmp_path_factory","time":{"start":1714129232164,"stop":1714129232164,"duration":0},"status":"passed","steps":[],"attachments":[],"parameters":[],"shouldDisplayMessage":false,"stepsCount":0,"attachmentsCount":0,"hasContent":false},{"name":"tmp_path","time":{"start":1714129588728,"stop":1714129588729,"duration":1},"status":"passed","steps":[],"attachments":[],"parameters":[],"shouldDisplayMessage":false,"stepsCount":0,"attachmentsCount":0,"hasContent":false},{"name":"driver","time":{"start":1714129588729,"stop":1714129588914,"duration":185},"status":"passed","steps":[],"attachments":[],"parameters":[],"shouldDisplayMessage":false,"stepsCount":0,"attachmentsCount":0,"hasContent":false},{"name":"tmpdir","time":{"start":1714129588729,"stop":1714129588729,"duration":0},"status":"passed","steps":[],"attachments":[],"parameters":[],"shouldDisplayMessage":false,"stepsCount":0,"attachmentsCount":0,"hasContent":false},{"name":"environment_allure","time":{"start":1714129588914,"stop":1714129588915,"duration":1},"status":"passed","steps":[],"attachments":[],"parameters":[],"shouldDisplayMessage":false,"stepsCount":0,"attachmentsCount":0,"hasContent":false},{"name":"setup","time":{"start":1714129588915,"stop":1714129589402,"duration":487},"status":"passed","steps":[],"attachments":[],"parameters":[],"shouldDisplayMessage":false,"stepsCount":0,"attachmentsCount":0,"hasContent":false}],"testStage":{"status":"broken","statusMessage":"selenium.common.exceptions.TimeoutException: Message: \nStacktrace:\n#0 0x5611bc87fe33 <unknown>\n#1 0x5611bc56f567 <unknown>\n#2 0x5611bc5ba27d <unknown>\n#3 0x5611bc5ba331 <unknown>\n#4 0x5611bc5fd624 <unknown>\n#5 0x5611bc5dc38d <unknown>\n#6 0x5611bc5faae2 <unknown>\n#7 0x5611bc5dc103 <unknown>\n#8 0x5611bc5ad1ba <unknown>\n#9 0x5611bc5adb8e <unknown>\n#10 0x5611bc84459b <unknown>\n#11 0x5611bc84834b <unknown>\n#12 0x5611bc830681 <unknown>\n#13 0x5611bc848eb2 <unknown>\n#14 0x5611bc8156af <unknown>\n#15 0x5611bc86f428 <unknown>\n#16 0x5611bc86f600 <unknown>\n#17 0x5611bc87ef84 <unknown>\n#18 0x7fcd04e94ac3 <unknown>","statusTrace":"self = <test_widgets.TestWidgets object at 0x7f541bf94980>\n\n    @allure.title(\"Select menu\")\n    def test_select_menu(self):\n        self.select_menu.open()\n        self.select_menu.is_opened()\n>       self.select_menu.check_dropdown_select_value()\n\ntests/test_widgets.py:72: \n_ _ _ _ _ _ _ _ _ _ _ _ _ _ _ _ _ _ _ _ _ _ _ _ _ _ _ _ _ _ _ _ _ _ _ _ _ _ _ _ \npages/widgets/select_menu.py:27: in check_dropdown_select_value\n    input = self.wait.until(EC.visibility_of_element_located(self.INPUT_SELECT_VALUE))\n_ _ _ _ _ _ _ _ _ _ _ _ _ _ _ _ _ _ _ _ _ _ _ _ _ _ _ _ _ _ _ _ _ _ _ _ _ _ _ _ \n\nself = <selenium.webdriver.support.wait.WebDriverWait (session=\"f116fd5bf0bf6f184cc65c17443910c9\")>\nmethod = <function visibility_of_element_located.<locals>._predicate at 0x7f541c07a200>\nmessage = ''\n\n    def until(self, method: Callable[[D], Union[Literal[False], T]], message: str = \"\") -> T:\n        \"\"\"Calls the method provided with the driver as an argument until the \\\n        return value does not evaluate to ``False``.\n    \n        :param method: callable(WebDriver)\n        :param message: optional message for :exc:`TimeoutException`\n        :returns: the result of the last call to `method`\n        :raises: :exc:`selenium.common.exceptions.TimeoutException` if timeout occurs\n        \"\"\"\n        screen = None\n        stacktrace = None\n    \n        end_time = time.monotonic() + self._timeout\n        while True:\n            try:\n                value = method(self._driver)\n                if value:\n                    return value\n            except self._ignored_exceptions as exc:\n                screen = getattr(exc, \"screen\", None)\n                stacktrace = getattr(exc, \"stacktrace\", None)\n            time.sleep(self._poll)\n            if time.monotonic() > end_time:\n                break\n>       raise TimeoutException(message, screen, stacktrace)\nE       selenium.common.exceptions.TimeoutException: Message: \nE       Stacktrace:\nE       #0 0x5611bc87fe33 <unknown>\nE       #1 0x5611bc56f567 <unknown>\nE       #2 0x5611bc5ba27d <unknown>\nE       #3 0x5611bc5ba331 <unknown>\nE       #4 0x5611bc5fd624 <unknown>\nE       #5 0x5611bc5dc38d <unknown>\nE       #6 0x5611bc5faae2 <unknown>\nE       #7 0x5611bc5dc103 <unknown>\nE       #8 0x5611bc5ad1ba <unknown>\nE       #9 0x5611bc5adb8e <unknown>\nE       #10 0x5611bc84459b <unknown>\nE       #11 0x5611bc84834b <unknown>\nE       #12 0x5611bc830681 <unknown>\nE       #13 0x5611bc848eb2 <unknown>\nE       #14 0x5611bc8156af <unknown>\nE       #15 0x5611bc86f428 <unknown>\nE       #16 0x5611bc86f600 <unknown>\nE       #17 0x5611bc87ef84 <unknown>\nE       #18 0x7fcd04e94ac3 <unknown>\n\n/opt/hostedtoolcache/Python/3.12.3/x64/lib/python3.12/site-packages/selenium/webdriver/support/wait.py:105: TimeoutException","steps":[{"name":"Open URL","time":{"start":1714129589403,"stop":1714129589874,"duration":471},"status":"passed","steps":[],"attachments":[],"parameters":[],"shouldDisplayMessage":false,"stepsCount":0,"attachmentsCount":0,"hasContent":false},{"name":"Check is opened URL","time":{"start":1714129589875,"stop":1714129589879,"duration":4},"status":"passed","steps":[],"attachments":[],"parameters":[],"shouldDisplayMessage":false,"stepsCount":0,"attachmentsCount":0,"hasContent":false},{"name":"Checking dropdown select value","time":{"start":1714129589879,"stop":1714129597972,"duration":8093},"status":"broken","statusMessage":"selenium.common.exceptions.TimeoutException: Message: \nStacktrace:\n#0 0x5611bc87fe33 <unknown>\n#1 0x5611bc56f567 <unknown>\n#2 0x5611bc5ba27d <unknown>\n#3 0x5611bc5ba331 <unknown>\n#4 0x5611bc5fd624 <unknown>\n#5 0x5611bc5dc38d <unknown>\n#6 0x5611bc5faae2 <unknown>\n#7 0x5611bc5dc103 <unknown>\n#8 0x5611bc5ad1ba <unknown>\n#9 0x5611bc5adb8e <unknown>\n#10 0x5611bc84459b <unknown>\n#11 0x5611bc84834b <unknown>\n#12 0x5611bc830681 <unknown>\n#13 0x5611bc848eb2 <unknown>\n#14 0x5611bc8156af <unknown>\n#15 0x5611bc86f428 <unknown>\n#16 0x5611bc86f600 <unknown>\n#17 0x5611bc87ef84 <unknown>\n#18 0x7fcd04e94ac3 <unknown>\n\n","statusTrace":"  File \"/opt/hostedtoolcache/Python/3.12.3/x64/lib/python3.12/site-packages/allure_commons/_allure.py\", line 192, in impl\n    return func(*a, **kw)\n           ^^^^^^^^^^^^^^\n  File \"/home/runner/work/demoqa_ui/demoqa_ui/pages/widgets/select_menu.py\", line 27, in check_dropdown_select_value\n    input = self.wait.until(EC.visibility_of_element_located(self.INPUT_SELECT_VALUE))\n            ^^^^^^^^^^^^^^^^^^^^^^^^^^^^^^^^^^^^^^^^^^^^^^^^^^^^^^^^^^^^^^^^^^^^^^^^^^\n  File \"/opt/hostedtoolcache/Python/3.12.3/x64/lib/python3.12/site-packages/selenium/webdriver/support/wait.py\", line 105, in until\n    raise TimeoutException(message, screen, stacktrace)\n","steps":[],"attachments":[],"parameters":[],"shouldDisplayMessage":true,"stepsCount":0,"attachmentsCount":0,"hasContent":true}],"attachments":[],"parameters":[],"shouldDisplayMessage":true,"stepsCount":3,"attachmentsCount":0,"hasContent":true},"afterStages":[{"name":"driver::0","time":{"start":1714129597982,"stop":1714129598149,"duration":167},"status":"passed","steps":[],"attachments":[{"uid":"2f5ca7ab543021ea","name":"test_select_menu.png","source":"2f5ca7ab543021ea.png","type":"image/png","size":19552}],"parameters":[],"shouldDisplayMessage":false,"stepsCount":0,"attachmentsCount":1,"hasContent":true},{"name":"tmp_path::0","time":{"start":1714129598150,"stop":1714129598150,"duration":0},"status":"passed","steps":[],"attachments":[],"parameters":[],"shouldDisplayMessage":false,"stepsCount":0,"attachmentsCount":0,"hasContent":false}],"labels":[{"name":"feature","value":"Widgets"},{"name":"parentSuite","value":"tests"},{"name":"suite","value":"test_widgets"},{"name":"subSuite","value":"TestWidgets"},{"name":"host","value":"fv-az698-631"},{"name":"thread","value":"1891-MainThread"},{"name":"framework","value":"pytest"},{"name":"language","value":"cpython3"},{"name":"package","value":"tests.test_widgets"},{"name":"resultFormat","value":"allure2"}],"parameters":[],"links":[],"hidden":false,"retry":false,"extra":{"severity":"normal","retries":[],"categories":[{"name":"Test defects","matchedStatuses":[],"flaky":false}],"history":{"statistic":{"failed":0,"broken":1,"skipped":0,"passed":1,"unknown":0,"total":2},"items":[{"uid":"31f1a2219cd24ddf","status":"passed","time":{"start":1714128264869,"stop":1714128275754,"duration":10885}}]},"tags":[]},"source":"ec249e6856dd2822.json","parameterValues":[]}